1479988476 - INFO: Log level set to 6
STORE CALL: glGenVertexArrays(1, 0x8f6910, )
1479988476 - DEBUG: RAISED STOP
1479988480 - INFO: OPERATION: 6
1479988480 - INFO: ORIG_GL: glGenVertexArrays (0x7f3038d0cd40)
1479988480 - INFO: ORIG_GL: glGetError (0x7f3038d09840)
1479988480 - DEBUG: RAISED STOP
1479988480 - INFO: OPERATION: 22
STORE CALL: glBindVertexArray(1, )
1479988480 - DEBUG: RAISED STOP
1479988480 - INFO: OPERATION: 6
1479988480 - INFO: ORIG_GL: glBindVertexArray (0x7f3038d0cd00)
1479988480 - INFO: ORIG_GL: glGetError (0x7f3038d09840)
1479988480 - DEBUG: RAISED STOP
1479988480 - INFO: OPERATION: 22
STORE CALL: glGenBuffers(1, 0x8f690c, )
1479988480 - DEBUG: RAISED STOP
1479988480 - INFO: OPERATION: 6
1479988480 - INFO: ORIG_GL: glGenBuffers (0x7f3038d0b200)
1479988480 - INFO: ORIG_GL: glGetError (0x7f3038d09840)
1479988480 - DEBUG: RAISED STOP
1479988480 - INFO: OPERATION: 22
STORE CALL: glBindBuffer(GL_ARRAY_BUFFER, 1, )
1479988480 - DEBUG: RAISED STOP
1479988480 - INFO: OPERATION: 6
1479988480 - INFO: ORIG_GL: glBindBuffer (0x7f3038d0b140)
1479988480 - INFO: ORIG_GL: glGetError (0x7f3038d09840)
1479988480 - DEBUG: RAISED STOP
1479988480 - INFO: OPERATION: 22
STORE CALL: glBufferData(GL_ARRAY_BUFFER, 60, (nil), GL_STREAM_DRAW, )
1479988480 - DEBUG: RAISED STOP
1479988480 - INFO: OPERATION: 6
1479988480 - INFO: ORIG_GL: glBufferData (0x7f3038d0b160)
1479988480 - INFO: ORIG_GL: glGetError (0x7f3038d09840)
1479988480 - DEBUG: RAISED STOP
1479988480 - INFO: OPERATION: 22
STORE CALL: glBufferSubData(GL_ARRAY_BUFFER, 0, 60, 0x641480, )
1479988480 - DEBUG: RAISED STOP
1479988480 - INFO: OPERATION: 6
1479988480 - INFO: ORIG_GL: glBufferSubData (0x7f3038d0b180)
1479988480 - INFO: ORIG_GL: glGetError (0x7f3038d09840)
1479988480 - DEBUG: RAISED STOP
1479988480 - INFO: OPERATION: 22
STORE CALL: glVertexAttribPointer(0, 3, GL_FLOAT, FALSE, 25630, (nil), )
1479988480 - DEBUG: RAISED STOP
1479988480 - INFO: OPERATION: 6
1479988480 - INFO: ORIG_GL: glVertexAttribPointer (0x7f3038d0be00)
1479988480 - INFO: ORIG_GL: glGetError (0x7f3038d09840)
1479988480 - DEBUG: RAISED STOP
1479988480 - INFO: OPERATION: 22
STORE CALL: glVertexAttribPointer(1, 2, GL_FLOAT, FALSE, 25630, 0xc, )
1479988480 - DEBUG: RAISED STOP
1479988480 - INFO: OPERATION: 6
1479988480 - INFO: ORIG_GL: glVertexAttribPointer (0x7f3038d0be00)
1479988480 - INFO: ORIG_GL: glGetError (0x7f3038d09840)
1479988480 - DEBUG: RAISED STOP
1479988480 - INFO: OPERATION: 22
STORE CALL: glEnableVertexAttribArray(0, )
1479988480 - DEBUG: RAISED STOP
1479988480 - INFO: OPERATION: 6
1479988480 - INFO: ORIG_GL: glEnableVertexAttribArray (0x7f3038d0b4e0)
1479988480 - INFO: ORIG_GL: glGetError (0x7f3038d09840)
1479988480 - DEBUG: RAISED STOP
1479988480 - INFO: OPERATION: 22
STORE CALL: glEnableVertexAttribArray(1, )
1479988480 - DEBUG: RAISED STOP
1479988480 - INFO: OPERATION: 6
1479988480 - INFO: ORIG_GL: glEnableVertexAttribArray (0x7f3038d0b4e0)
1479988480 - INFO: ORIG_GL: glGetError (0x7f3038d09840)
1479988480 - DEBUG: RAISED STOP
1479988480 - INFO: OPERATION: 22
STORE CALL: glBindBuffer(GL_ARRAY_BUFFER, 0, )
1479988480 - DEBUG: RAISED STOP
1479988480 - INFO: OPERATION: 6
1479988480 - INFO: ORIG_GL: glBindBuffer (0x7f3038d0b140)
1479988480 - INFO: ORIG_GL: glGetError (0x7f3038d09840)
1479988480 - DEBUG: RAISED STOP
1479988480 - INFO: OPERATION: 22
STORE CALL: glBindVertexArray(0, )
1479988480 - DEBUG: RAISED STOP
1479988480 - INFO: OPERATION: 6
1479988480 - INFO: ORIG_GL: glBindVertexArray (0x7f3038d0cd00)
1479988480 - INFO: ORIG_GL: glGetError (0x7f3038d09840)
1479988480 - DEBUG: RAISED STOP
1479988480 - INFO: OPERATION: 22
STORE CALL: glDeleteBuffers(1, 0x8f690c, )
1479988480 - DEBUG: RAISED STOP
1479988480 - INFO: OPERATION: 6
1479988480 - INFO: ORIG_GL: glDeleteBuffers (0x7f3038d0b1a0)
1479988480 - INFO: ORIG_GL: glGetError (0x7f3038d09840)
1479988480 - DEBUG: RAISED STOP
1479988480 - INFO: OPERATION: 22
STORE CALL: glCreateShader(GL_VERTEX_SHADER, )
1479988480 - DEBUG: RAISED STOP
1479988480 - INFO: OPERATION: 6
1479988480 - INFO: ORIG_GL: glCreateShader (0x7f3038d0b420)
1479988480 - INFO: ORIG_GL: glGetError (0x7f3038d09840)
1479988480 - DEBUG: RAISED STOP
1479988480 - INFO: OPERATION: 22
STORE CALL: glShaderSource(1, 1, 0x7ffca3a3dec8, (nil), )
1479988480 - DEBUG: RAISED STOP
1479988480 - INFO: OPERATION: 6
1479988480 - INFO: ORIG_GL: glShaderSource (0x7f3038d0b760)
1479988480 - INFO: ORIG_GL: glGetError (0x7f3038d09840)
1479988480 - DEBUG: RAISED STOP
1479988480 - INFO: OPERATION: 22
STORE CALL: glCompileShader(1, )
1479988480 - DEBUG: RAISED STOP
1479988480 - INFO: OPERATION: 6
1479988480 - INFO: ORIG_GL: glCompileShader (0x7f3038d0b3e0)
1479988480 - INFO: ORIG_GL: glGetError (0x7f3038d09840)
1479988480 - DEBUG: RAISED STOP
1479988480 - INFO: OPERATION: 22
STORE CALL: glGetShaderiv(1, GL_COMPILE_STATUS, 0x7ffca3a3debc, )
1479988480 - DEBUG: RAISED STOP
1479988480 - INFO: OPERATION: 6
1479988480 - INFO: ORIG_GL: glGetShaderiv (0x7f3038d0b600)
1479988480 - INFO: ORIG_GL: glGetError (0x7f3038d09840)
1479988480 - DEBUG: RAISED STOP
1479988480 - INFO: OPERATION: 22
STORE CALL: glCreateShader(GL_FRAGMENT_SHADER, )
1479988480 - DEBUG: RAISED STOP
1479988480 - INFO: OPERATION: 6
1479988480 - INFO: ORIG_GL: glCreateShader (0x7f3038d0b420)
1479988480 - INFO: ORIG_GL: glGetError (0x7f3038d09840)
1479988480 - DEBUG: RAISED STOP
1479988480 - INFO: OPERATION: 22
STORE CALL: glShaderSource(2, 1, 0x7ffca3a3dec8, (nil), )
1479988480 - DEBUG: RAISED STOP
1479988480 - INFO: OPERATION: 6
1479988480 - INFO: ORIG_GL: glShaderSource (0x7f3038d0b760)
1479988480 - INFO: ORIG_GL: glGetError (0x7f3038d09840)
1479988480 - DEBUG: RAISED STOP
1479988480 - INFO: OPERATION: 22
STORE CALL: glCompileShader(2, )
1479988480 - DEBUG: RAISED STOP
1479988480 - INFO: OPERATION: 6
1479988480 - INFO: ORIG_GL: glCompileShader (0x7f3038d0b3e0)
1479988480 - INFO: ORIG_GL: glGetError (0x7f3038d09840)
1479988480 - DEBUG: RAISED STOP
1479988480 - INFO: OPERATION: 22
STORE CALL: glGetShaderiv(2, GL_COMPILE_STATUS, 0x7ffca3a3debc, )
1479988480 - DEBUG: RAISED STOP
1479988480 - INFO: OPERATION: 6
1479988480 - INFO: ORIG_GL: glGetShaderiv (0x7f3038d0b600)
1479988480 - INFO: ORIG_GL: glGetError (0x7f3038d09840)
1479988480 - DEBUG: RAISED STOP
1479988480 - INFO: OPERATION: 22
STORE CALL: glCreateProgram()
1479988480 - DEBUG: RAISED STOP
1479988480 - INFO: OPERATION: 6
1479988480 - INFO: ORIG_GL: glCreateProgram (0x7f3038d0b400)
1479988480 - INFO: ORIG_GL: glGetError (0x7f3038d09840)
1479988480 - DEBUG: RAISED STOP
1479988480 - INFO: OPERATION: 22
STORE CALL: glAttachShader(3, 1, )
1479988480 - DEBUG: RAISED STOP
1479988480 - INFO: OPERATION: 6
1479988480 - INFO: ORIG_GL: glAttachShader (0x7f3038d0b380)
1479988480 - INFO: ORIG_GL: glGetError (0x7f3038d09840)
1479988480 - DEBUG: RAISED STOP
1479988480 - INFO: OPERATION: 22
STORE CALL: glAttachShader(3, 2, )
1479988480 - DEBUG: RAISED STOP
1479988480 - INFO: OPERATION: 6
1479988480 - INFO: ORIG_GL: glAttachShader (0x7f3038d0b380)
1479988480 - INFO: ORIG_GL: glGetError (0x7f3038d09840)
1479988480 - DEBUG: RAISED STOP
1479988480 - INFO: OPERATION: 22
STORE CALL: glLinkProgram(3, )
1479988480 - DEBUG: RAISED STOP
1479988480 - INFO: OPERATION: 6
1479988480 - INFO: ORIG_GL: glLinkProgram (0x7f3038d0b740)
1479988480 - INFO: ORIG_GL: glGetError (0x7f3038d09840)
1479988480 - DEBUG: RAISED STOP
1479988480 - INFO: OPERATION: 15
1479988480 - DEBUG: Creating extension hashes
1479988480 - INFO: ORIG_GL: glGetIntegerv (0x7f3038d09880)
1479988480 - INFO: Extensions found 63
1479988480 - INFO: ORIG_GL: glGetStringi (0x7f3038d0c120)
1479988480 - INFO: ORIG_GL: glGetStringi (0x7f3038d0c120)
1479988480 - INFO: ORIG_GL: glGetStringi (0x7f3038d0c120)
1479988480 - INFO: ORIG_GL: glGetStringi (0x7f3038d0c120)
1479988480 - INFO: ORIG_GL: glGetStringi (0x7f3038d0c120)
1479988480 - INFO: ORIG_GL: glGetStringi (0x7f3038d0c120)
1479988480 - INFO: ORIG_GL: glGetStringi (0x7f3038d0c120)
1479988480 - INFO: ORIG_GL: glGetStringi (0x7f3038d0c120)
1479988480 - INFO: ORIG_GL: glGetStringi (0x7f3038d0c120)
1479988480 - INFO: ORIG_GL: glGetStringi (0x7f3038d0c120)
1479988480 - INFO: ORIG_GL: glGetStringi (0x7f3038d0c120)
1479988480 - INFO: ORIG_GL: glGetStringi (0x7f3038d0c120)
1479988480 - INFO: ORIG_GL: glGetStringi (0x7f3038d0c120)
1479988480 - INFO: ORIG_GL: glGetStringi (0x7f3038d0c120)
1479988480 - INFO: ORIG_GL: glGetStringi (0x7f3038d0c120)
1479988480 - INFO: ORIG_GL: glGetStringi (0x7f3038d0c120)
1479988480 - INFO: ORIG_GL: glGetStringi (0x7f3038d0c120)
1479988480 - INFO: ORIG_GL: glGetStringi (0x7f3038d0c120)
1479988480 - INFO: ORIG_GL: glGetStringi (0x7f3038d0c120)
1479988480 - INFO: ORIG_GL: glGetStringi (0x7f3038d0c120)
1479988480 - INFO: ORIG_GL: glGetStringi (0x7f3038d0c120)
1479988480 - INFO: ORIG_GL: glGetStringi (0x7f3038d0c120)
1479988480 - INFO: ORIG_GL: glGetStringi (0x7f3038d0c120)
1479988480 - INFO: ORIG_GL: glGetStringi (0x7f3038d0c120)
1479988480 - INFO: ORIG_GL: glGetStringi (0x7f3038d0c120)
1479988480 - INFO: ORIG_GL: glGetStringi (0x7f3038d0c120)
1479988480 - INFO: ORIG_GL: glGetStringi (0x7f3038d0c120)
1479988480 - INFO: ORIG_GL: glGetStringi (0x7f3038d0c120)
1479988480 - INFO: ORIG_GL: glGetStringi (0x7f3038d0c120)
1479988480 - INFO: ORIG_GL: glGetStringi (0x7f3038d0c120)
1479988480 - INFO: ORIG_GL: glGetStringi (0x7f3038d0c120)
1479988480 - INFO: ORIG_GL: glGetStringi (0x7f3038d0c120)
1479988480 - INFO: ORIG_GL: glGetStringi (0x7f3038d0c120)
1479988480 - INFO: ORIG_GL: glGetStringi (0x7f3038d0c120)
1479988480 - INFO: ORIG_GL: glGetStringi (0x7f3038d0c120)
1479988480 - INFO: ORIG_GL: glGetStringi (0x7f3038d0c120)
1479988480 - INFO: ORIG_GL: glGetStringi (0x7f3038d0c120)
1479988480 - INFO: ORIG_GL: glGetStringi (0x7f3038d0c120)
1479988480 - INFO: ORIG_GL: glGetStringi (0x7f3038d0c120)
1479988480 - INFO: ORIG_GL: glGetStringi (0x7f3038d0c120)
1479988480 - INFO: ORIG_GL: glGetStringi (0x7f3038d0c120)
1479988480 - INFO: ORIG_GL: glGetStringi (0x7f3038d0c120)
1479988480 - INFO: ORIG_GL: glGetStringi (0x7f3038d0c120)
1479988480 - INFO: ORIG_GL: glGetStringi (0x7f3038d0c120)
1479988480 - INFO: ORIG_GL: glGetStringi (0x7f3038d0c120)
1479988480 - INFO: ORIG_GL: glGetStringi (0x7f3038d0c120)
1479988480 - INFO: ORIG_GL: glGetStringi (0x7f3038d0c120)
1479988480 - INFO: ORIG_GL: glGetStringi (0x7f3038d0c120)
1479988480 - INFO: ORIG_GL: glGetStringi (0x7f3038d0c120)
1479988480 - INFO: ORIG_GL: glGetStringi (0x7f3038d0c120)
1479988480 - INFO: ORIG_GL: glGetStringi (0x7f3038d0c120)
1479988480 - INFO: ORIG_GL: glGetStringi (0x7f3038d0c120)
1479988480 - INFO: ORIG_GL: glGetStringi (0x7f3038d0c120)
1479988480 - INFO: ORIG_GL: glGetStringi (0x7f3038d0c120)
1479988480 - INFO: ORIG_GL: glGetStringi (0x7f3038d0c120)
1479988480 - INFO: ORIG_GL: glGetStringi (0x7f3038d0c120)
1479988480 - INFO: ORIG_GL: glGetStringi (0x7f3038d0c120)
1479988480 - INFO: ORIG_GL: glGetStringi (0x7f3038d0c120)
1479988480 - INFO: ORIG_GL: glGetStringi (0x7f3038d0c120)
1479988480 - INFO: ORIG_GL: glGetStringi (0x7f3038d0c120)
1479988480 - INFO: ORIG_GL: glGetStringi (0x7f3038d0c120)
1479988480 - INFO: ORIG_GL: glGetStringi (0x7f3038d0c120)
1479988480 - INFO: ORIG_GL: glGetStringi (0x7f3038d0c120)
1479988480 - INFO: not found: GL_EXT_geometry_shader4
1479988480 - INFO: ORIG_GL: glGetIntegerv (0x7f3038d09880)
1479988480 - INFO: ORIG_GL: glGetError (0x7f3038d09840)
1479988480 - DEBUG: RAISED STOP
1479988480 - INFO: OPERATION: 22
STORE CALL: glGetProgramiv(3, GL_LINK_STATUS, 0x7ffca3a3df78, )
1479988480 - DEBUG: RAISED STOP
1479988480 - INFO: OPERATION: 6
1479988480 - INFO: ORIG_GL: glGetProgramiv (0x7f3038d0b5a0)
1479988480 - INFO: ORIG_GL: glGetError (0x7f3038d09840)
1479988480 - DEBUG: RAISED STOP
1479988480 - INFO: OPERATION: 22
STORE CALL: glBindVertexArray(1, )
1479988480 - DEBUG: RAISED STOP
1479988480 - INFO: OPERATION: 6
1479988480 - INFO: ORIG_GL: glBindVertexArray (0x7f3038d0cd00)
1479988480 - INFO: ORIG_GL: glGetError (0x7f3038d09840)
1479988480 - DEBUG: RAISED STOP
1479988480 - INFO: OPERATION: 22
STORE CALL: glDrawArrays(GL_TRIANGLES, 0, 3, )
1479988480 - DEBUG: RAISED STOP
1479988480 - INFO: OPERATION: 15
1479988480 - INFO: not found: GL_EXT_geometry_shader4
1479988480 - INFO: ORIG_GL: glGetIntegerv (0x7f3038d09880)
1479988480 - INFO: ORIG_GL: glGetError (0x7f3038d09840)
1479988480 - DEBUG: RAISED STOP
1479988490 - INFO: OPERATION: 6
1479988490 - INFO: ORIG_GL: glDrawArrays (0x7f3038d09e60)
1479988490 - INFO: ORIG_GL: glGetError (0x7f3038d09840)
1479988490 - DEBUG: RAISED STOP
1479988490 - INFO: OPERATION: 22
STORE CALL: glBindVertexArray(0, )
1479988490 - DEBUG: RAISED STOP
1479988490 - INFO: OPERATION: 6
1479988490 - INFO: ORIG_GL: glBindVertexArray (0x7f3038d0cd00)
1479988490 - INFO: ORIG_GL: glGetError (0x7f3038d09840)
1479988490 - DEBUG: RAISED STOP
1479988490 - INFO: OPERATION: 22
STORE CALL: glBindVertexArray(1, )
1479988490 - DEBUG: RAISED STOP
1479988490 - INFO: OPERATION: 6
1479988490 - INFO: ORIG_GL: glBindVertexArray (0x7f3038d0cd00)
1479988490 - INFO: ORIG_GL: glGetError (0x7f3038d09840)
1479988490 - DEBUG: RAISED STOP
1479988490 - INFO: OPERATION: 22
STORE CALL: glDrawArrays(GL_TRIANGLES, 0, 3, )
1479988490 - DEBUG: RAISED STOP
1479988490 - INFO: OPERATION: 15
1479988490 - INFO: not found: GL_EXT_geometry_shader4
1479988490 - INFO: ORIG_GL: glGetIntegerv (0x7f3038d09880)
1479988490 - INFO: ORIG_GL: glGetError (0x7f3038d09840)
1479988490 - DEBUG: RAISED STOP
1479988492 - INFO: OPERATION: 6
1479988492 - INFO: ORIG_GL: glDrawArrays (0x7f3038d09e60)
1479988492 - INFO: ORIG_GL: glGetError (0x7f3038d09840)
1479988492 - DEBUG: RAISED STOP
1479988492 - INFO: OPERATION: 22
STORE CALL: glBindVertexArray(0, )
1479988492 - DEBUG: RAISED STOP
1479988492 - INFO: OPERATION: 6
1479988492 - INFO: ORIG_GL: glBindVertexArray (0x7f3038d0cd00)
1479988492 - INFO: ORIG_GL: glGetError (0x7f3038d09840)
1479988492 - DEBUG: RAISED STOP
1479988492 - INFO: OPERATION: 22
STORE CALL: glBindVertexArray(1, )
1479988492 - DEBUG: RAISED STOP
1479988492 - INFO: OPERATION: 6
1479988492 - INFO: ORIG_GL: glBindVertexArray (0x7f3038d0cd00)
1479988492 - INFO: ORIG_GL: glGetError (0x7f3038d09840)
1479988492 - DEBUG: RAISED STOP
1479988492 - INFO: OPERATION: 22
STORE CALL: glDrawArrays(GL_TRIANGLES, 0, 3, )
1479988492 - DEBUG: RAISED STOP
1479988492 - INFO: OPERATION: 15
1479988492 - INFO: not found: GL_EXT_geometry_shader4
1479988492 - INFO: ORIG_GL: glGetIntegerv (0x7f3038d09880)
1479988492 - INFO: ORIG_GL: glGetError (0x7f3038d09840)
1479988492 - DEBUG: RAISED STOP
1479988498 - INFO: OPERATION: 6
1479988498 - INFO: ORIG_GL: glDrawArrays (0x7f3038d09e60)
1479988498 - INFO: ORIG_GL: glGetError (0x7f3038d09840)
1479988498 - DEBUG: RAISED STOP
1479988498 - INFO: OPERATION: 22
STORE CALL: glBindVertexArray(0, )
1479988498 - DEBUG: RAISED STOP
1479988498 - INFO: OPERATION: 6
1479988498 - INFO: ORIG_GL: glBindVertexArray (0x7f3038d0cd00)
1479988498 - INFO: ORIG_GL: glGetError (0x7f3038d09840)
1479988498 - DEBUG: RAISED STOP
1479988498 - INFO: OPERATION: 22
STORE CALL: glBindVertexArray(1, )
1479988498 - DEBUG: RAISED STOP
1479988498 - INFO: OPERATION: 6
1479988498 - INFO: ORIG_GL: glBindVertexArray (0x7f3038d0cd00)
1479988498 - INFO: ORIG_GL: glGetError (0x7f3038d09840)
1479988498 - DEBUG: RAISED STOP
1479988498 - INFO: OPERATION: 22
STORE CALL: glDrawArrays(GL_TRIANGLES, 0, 3, )
1479988498 - DEBUG: RAISED STOP
1479988498 - INFO: OPERATION: 15
1479988498 - INFO: not found: GL_EXT_geometry_shader4
1479988498 - INFO: ORIG_GL: glGetIntegerv (0x7f3038d09880)
1479988498 - INFO: ORIG_GL: glGetError (0x7f3038d09840)
1479988498 - DEBUG: RAISED STOP
1479988499 - INFO: OPERATION: 6
1479988499 - INFO: ORIG_GL: glDrawArrays (0x7f3038d09e60)
1479988499 - INFO: ORIG_GL: glGetError (0x7f3038d09840)
1479988499 - DEBUG: RAISED STOP
1479988499 - INFO: OPERATION: 22
STORE CALL: glBindVertexArray(0, )
1479988499 - DEBUG: RAISED STOP
1479988499 - INFO: OPERATION: 6
1479988499 - INFO: ORIG_GL: glBindVertexArray (0x7f3038d0cd00)
1479988499 - INFO: ORIG_GL: glGetError (0x7f3038d09840)
1479988499 - DEBUG: RAISED STOP
1479988499 - INFO: OPERATION: 22
STORE CALL: glBindVertexArray(1, )
1479988499 - DEBUG: RAISED STOP
1479988499 - INFO: OPERATION: 6
1479988499 - INFO: ORIG_GL: glBindVertexArray (0x7f3038d0cd00)
1479988499 - INFO: ORIG_GL: glGetError (0x7f3038d09840)
1479988499 - DEBUG: RAISED STOP
1479988499 - INFO: OPERATION: 22
STORE CALL: glDrawArrays(GL_TRIANGLES, 0, 3, )
1479988499 - DEBUG: RAISED STOP
1479988499 - INFO: OPERATION: 15
1479988499 - INFO: not found: GL_EXT_geometry_shader4
1479988499 - INFO: ORIG_GL: glGetIntegerv (0x7f3038d09880)
1479988499 - INFO: ORIG_GL: glGetError (0x7f3038d09840)
1479988499 - DEBUG: RAISED STOP
1479988500 - INFO: OPERATION: 6
1479988500 - INFO: ORIG_GL: glDrawArrays (0x7f3038d09e60)
1479988500 - INFO: ORIG_GL: glGetError (0x7f3038d09840)
1479988500 - DEBUG: RAISED STOP
1479988500 - INFO: OPERATION: 22
STORE CALL: glBindVertexArray(0, )
1479988500 - DEBUG: RAISED STOP
1479988500 - INFO: OPERATION: 6
1479988500 - INFO: ORIG_GL: glBindVertexArray (0x7f3038d0cd00)
1479988500 - INFO: ORIG_GL: glGetError (0x7f3038d09840)
1479988500 - DEBUG: RAISED STOP
1479988500 - INFO: OPERATION: 22
STORE CALL: glBindVertexArray(1, )
1479988500 - DEBUG: RAISED STOP
1479988500 - INFO: OPERATION: 6
1479988500 - INFO: ORIG_GL: glBindVertexArray (0x7f3038d0cd00)
1479988500 - INFO: ORIG_GL: glGetError (0x7f3038d09840)
1479988500 - DEBUG: RAISED STOP
1479988500 - INFO: OPERATION: 22
STORE CALL: glDrawArrays(GL_TRIANGLES, 0, 3, )
1479988500 - DEBUG: RAISED STOP
1479988500 - INFO: OPERATION: 15
1479988500 - INFO: not found: GL_EXT_geometry_shader4
1479988500 - INFO: ORIG_GL: glGetIntegerv (0x7f3038d09880)
1479988500 - INFO: ORIG_GL: glGetError (0x7f3038d09840)
1479988500 - DEBUG: RAISED STOP
1479988500 - INFO: OPERATION: 6
1479988500 - INFO: ORIG_GL: glDrawArrays (0x7f3038d09e60)
1479988500 - INFO: ORIG_GL: glGetError (0x7f3038d09840)
1479988500 - DEBUG: RAISED STOP
1479988500 - INFO: OPERATION: 22
STORE CALL: glBindVertexArray(0, )
1479988500 - DEBUG: RAISED STOP
1479988500 - INFO: OPERATION: 6
1479988500 - INFO: ORIG_GL: glBindVertexArray (0x7f3038d0cd00)
1479988500 - INFO: ORIG_GL: glGetError (0x7f3038d09840)
1479988500 - DEBUG: RAISED STOP
1479988500 - INFO: OPERATION: 22
STORE CALL: glBindVertexArray(1, )
1479988500 - DEBUG: RAISED STOP
1479988500 - INFO: OPERATION: 6
1479988500 - INFO: ORIG_GL: glBindVertexArray (0x7f3038d0cd00)
1479988500 - INFO: ORIG_GL: glGetError (0x7f3038d09840)
1479988500 - DEBUG: RAISED STOP
1479988500 - INFO: OPERATION: 22
STORE CALL: glDrawArrays(GL_TRIANGLES, 0, 3, )
1479988500 - DEBUG: RAISED STOP
1479988500 - INFO: OPERATION: 15
1479988500 - INFO: not found: GL_EXT_geometry_shader4
1479988500 - INFO: ORIG_GL: glGetIntegerv (0x7f3038d09880)
1479988500 - INFO: ORIG_GL: glGetError (0x7f3038d09840)
1479988500 - DEBUG: RAISED STOP
1479988501 - INFO: OPERATION: 6
1479988501 - INFO: ORIG_GL: glDrawArrays (0x7f3038d09e60)
1479988501 - INFO: ORIG_GL: glGetError (0x7f3038d09840)
1479988501 - DEBUG: RAISED STOP
1479988501 - INFO: OPERATION: 22
STORE CALL: glBindVertexArray(0, )
1479988501 - DEBUG: RAISED STOP
1479988501 - INFO: OPERATION: 6
1479988501 - INFO: ORIG_GL: glBindVertexArray (0x7f3038d0cd00)
1479988501 - INFO: ORIG_GL: glGetError (0x7f3038d09840)
1479988501 - DEBUG: RAISED STOP
1479988501 - INFO: OPERATION: 22
STORE CALL: glBindVertexArray(1, )
1479988501 - DEBUG: RAISED STOP
1479988501 - INFO: OPERATION: 6
1479988501 - INFO: ORIG_GL: glBindVertexArray (0x7f3038d0cd00)
1479988501 - INFO: ORIG_GL: glGetError (0x7f3038d09840)
1479988501 - DEBUG: RAISED STOP
1479988501 - INFO: OPERATION: 22
STORE CALL: glDrawArrays(GL_TRIANGLES, 0, 3, )
1479988501 - DEBUG: RAISED STOP
1479988501 - INFO: OPERATION: 15
1479988501 - INFO: not found: GL_EXT_geometry_shader4
1479988501 - INFO: ORIG_GL: glGetIntegerv (0x7f3038d09880)
1479988501 - INFO: ORIG_GL: glGetError (0x7f3038d09840)
1479988501 - DEBUG: RAISED STOP
1479988501 - INFO: OPERATION: 6
1479988501 - INFO: ORIG_GL: glDrawArrays (0x7f3038d09e60)
1479988501 - INFO: ORIG_GL: glGetError (0x7f3038d09840)
1479988501 - DEBUG: RAISED STOP
1479988501 - INFO: OPERATION: 22
STORE CALL: glBindVertexArray(0, )
1479988501 - DEBUG: RAISED STOP
1479988501 - INFO: OPERATION: 6
1479988501 - INFO: ORIG_GL: glBindVertexArray (0x7f3038d0cd00)
1479988501 - INFO: ORIG_GL: glGetError (0x7f3038d09840)
1479988501 - DEBUG: RAISED STOP
1479988501 - INFO: OPERATION: 22
STORE CALL: glBindVertexArray(1, )
1479988501 - DEBUG: RAISED STOP
1479988501 - INFO: OPERATION: 6
1479988501 - INFO: ORIG_GL: glBindVertexArray (0x7f3038d0cd00)
1479988501 - INFO: ORIG_GL: glGetError (0x7f3038d09840)
1479988501 - DEBUG: RAISED STOP
1479988501 - INFO: OPERATION: 22
STORE CALL: glDrawArrays(GL_TRIANGLES, 0, 3, )
1479988501 - DEBUG: RAISED STOP
1479988501 - INFO: OPERATION: 15
1479988501 - INFO: not found: GL_EXT_geometry_shader4
1479988501 - INFO: ORIG_GL: glGetIntegerv (0x7f3038d09880)
1479988501 - INFO: ORIG_GL: glGetError (0x7f3038d09840)
1479988501 - DEBUG: RAISED STOP
1479988502 - INFO: OPERATION: 6
1479988502 - INFO: ORIG_GL: glDrawArrays (0x7f3038d09e60)
1479988502 - INFO: ORIG_GL: glGetError (0x7f3038d09840)
1479988502 - DEBUG: RAISED STOP
1479988502 - INFO: OPERATION: 22
STORE CALL: glBindVertexArray(0, )
1479988502 - DEBUG: RAISED STOP
1479988502 - INFO: OPERATION: 6
1479988502 - INFO: ORIG_GL: glBindVertexArray (0x7f3038d0cd00)
1479988502 - INFO: ORIG_GL: glGetError (0x7f3038d09840)
1479988502 - DEBUG: RAISED STOP
1479988502 - INFO: OPERATION: 22
STORE CALL: glBindVertexArray(1, )
1479988502 - DEBUG: RAISED STOP
1479988502 - INFO: OPERATION: 6
1479988502 - INFO: ORIG_GL: glBindVertexArray (0x7f3038d0cd00)
1479988502 - INFO: ORIG_GL: glGetError (0x7f3038d09840)
1479988502 - DEBUG: RAISED STOP
1479988502 - INFO: OPERATION: 22
STORE CALL: glDrawArrays(GL_TRIANGLES, 0, 3, )
1479988502 - DEBUG: RAISED STOP
1479988502 - INFO: OPERATION: 15
1479988502 - INFO: not found: GL_EXT_geometry_shader4
1479988502 - INFO: ORIG_GL: glGetIntegerv (0x7f3038d09880)
1479988502 - INFO: ORIG_GL: glGetError (0x7f3038d09840)
1479988502 - DEBUG: RAISED STOP
1479988502 - INFO: OPERATION: 6
1479988502 - INFO: ORIG_GL: glDrawArrays (0x7f3038d09e60)
1479988502 - INFO: ORIG_GL: glGetError (0x7f3038d09840)
1479988502 - DEBUG: RAISED STOP
1479988502 - INFO: OPERATION: 22
STORE CALL: glBindVertexArray(0, )
1479988502 - DEBUG: RAISED STOP
1479988502 - INFO: OPERATION: 6
1479988502 - INFO: ORIG_GL: glBindVertexArray (0x7f3038d0cd00)
1479988502 - INFO: ORIG_GL: glGetError (0x7f3038d09840)
1479988502 - DEBUG: RAISED STOP
1479988502 - INFO: OPERATION: 22
STORE CALL: glBindVertexArray(1, )
1479988502 - DEBUG: RAISED STOP
1479988502 - INFO: OPERATION: 6
1479988502 - INFO: ORIG_GL: glBindVertexArray (0x7f3038d0cd00)
1479988502 - INFO: ORIG_GL: glGetError (0x7f3038d09840)
1479988502 - DEBUG: RAISED STOP
1479988502 - INFO: OPERATION: 22
STORE CALL: glDrawArrays(GL_TRIANGLES, 0, 3, )
1479988502 - DEBUG: RAISED STOP
1479988502 - INFO: OPERATION: 15
1479988502 - INFO: not found: GL_EXT_geometry_shader4
1479988502 - INFO: ORIG_GL: glGetIntegerv (0x7f3038d09880)
1479988502 - INFO: ORIG_GL: glGetError (0x7f3038d09840)
1479988502 - DEBUG: RAISED STOP
