1479913955 - INFO: Log level set to 6
STORE CALL: glGetIntegerv(GL_MAX_TEXTURE_IMAGE_UNITS, 0x7ffd95a09cfc, )
1479913955 - DEBUG: RAISED STOP
1479913987 - INFO: OPERATION: 6
1479913987 - INFO: ORIG_GL: glGetIntegerv (0x7fd7b5ba1880)
1479913987 - INFO: ORIG_GL: glGetError (0x7fd7b5ba1840)
1479913987 - DEBUG: RAISED STOP
1479913987 - INFO: OPERATION: 22
STORE CALL: glGetIntegerv(GL_UNIFORM_BUFFER_OFFSET_ALIGNMENT, 0x7ffd95a09cdc, )
1479913987 - DEBUG: RAISED STOP
1479913987 - INFO: OPERATION: 6
1479913987 - INFO: ORIG_GL: glGetIntegerv (0x7fd7b5ba1880)
1479913987 - INFO: ORIG_GL: glGetError (0x7fd7b5ba1840)
1479913987 - DEBUG: RAISED STOP
1479913987 - INFO: OPERATION: 22
STORE CALL: glGetIntegerv(GL_SHADER_STORAGE_BUFFER_OFFSET_ALIGNMENT, 0x7ffd95a09cdc, )
1479913987 - DEBUG: RAISED STOP
1479913987 - INFO: OPERATION: 6
1479913987 - INFO: ORIG_GL: glGetIntegerv (0x7fd7b5ba1880)
1479913987 - INFO: ORIG_GL: glGetError (0x7fd7b5ba1840)
1479913987 - DEBUG: RAISED STOP
1479913987 - INFO: OPERATION: 22
STORE CALL: glGetString(GL_EXTENSIONS, )
1479913987 - DEBUG: RAISED STOP
1479913997 - INFO: OPERATION: 6
1479913997 - INFO: ORIG_GL: glGetString (0x7fd7b5ba1a00)
1479913997 - INFO: ORIG_GL: glGetError (0x7fd7b5ba1840)
1479913997 - DEBUG: RAISED STOP
1479913997 - INFO: OPERATION: 22
STORE CALL: glGenSamplers(1, 0x1d12a68, )
1479913997 - DEBUG: RAISED STOP
1479913997 - INFO: OPERATION: 6
1479913997 - INFO: ORIG_GL: glGenSamplers (0x7fd7b5ba5180)
1479913997 - INFO: ORIG_GL: glGetError (0x7fd7b5ba1840)
1479913997 - DEBUG: RAISED STOP
1479913997 - INFO: OPERATION: 22
STORE CALL: glSamplerParameteri(1, GL_TEXTURE_MIN_FILTER, 9986, )
1479913997 - DEBUG: RAISED STOP
1479913997 - INFO: OPERATION: 6
1479913997 - INFO: ORIG_GL: glSamplerParameteri (0x7fd7b5ba52c0)
1479913997 - INFO: ORIG_GL: glGetError (0x7fd7b5ba1840)
1479913997 - DEBUG: RAISED STOP
1479913997 - INFO: OPERATION: 22
STORE CALL: glSamplerParameteri(1, GL_TEXTURE_MAG_FILTER, 9729, )
1479913997 - DEBUG: RAISED STOP
1479913997 - INFO: OPERATION: 6
1479913997 - INFO: ORIG_GL: glSamplerParameteri (0x7fd7b5ba52c0)
1479913997 - INFO: ORIG_GL: glGetError (0x7fd7b5ba1840)
1479913997 - DEBUG: RAISED STOP
1479913997 - INFO: OPERATION: 22
STORE CALL: glSamplerParameteri(1, GL_TEXTURE_COMPARE_MODE, 0, )
1479913997 - DEBUG: RAISED STOP
1479913997 - INFO: OPERATION: 6
1479913997 - INFO: ORIG_GL: glSamplerParameteri (0x7fd7b5ba52c0)
1479913997 - INFO: ORIG_GL: glGetError (0x7fd7b5ba1840)
1479913997 - DEBUG: RAISED STOP
1479913997 - INFO: OPERATION: 22
STORE CALL: glSamplerParameteri(1, GL_TEXTURE_WRAP_S, 10497, )
1479913997 - DEBUG: RAISED STOP
1479913997 - INFO: OPERATION: 6
1479913997 - INFO: ORIG_GL: glSamplerParameteri (0x7fd7b5ba52c0)
1479913997 - INFO: ORIG_GL: glGetError (0x7fd7b5ba1840)
1479913997 - DEBUG: RAISED STOP
1479913997 - INFO: OPERATION: 22
STORE CALL: glSamplerParameteri(1, GL_TEXTURE_WRAP_T, 10497, )
1479913997 - DEBUG: RAISED STOP
1479913997 - INFO: OPERATION: 6
1479913997 - INFO: ORIG_GL: glSamplerParameteri (0x7fd7b5ba52c0)
1479913997 - INFO: ORIG_GL: glGetError (0x7fd7b5ba1840)
1479913997 - DEBUG: RAISED STOP
1479913997 - INFO: OPERATION: 22
STORE CALL: glSamplerParameteri(1, GL_TEXTURE_WRAP_R, 10497, )
1479913997 - DEBUG: RAISED STOP
1479913997 - INFO: OPERATION: 6
1479913997 - INFO: ORIG_GL: glSamplerParameteri (0x7fd7b5ba52c0)
1479913997 - INFO: ORIG_GL: glGetError (0x7fd7b5ba1840)
1479913997 - DEBUG: RAISED STOP
1479913997 - INFO: OPERATION: 22
STORE CALL: glSamplerParameteri(1, GL_TEXTURE_MIN_LOD, 0, )
1479913997 - DEBUG: RAISED STOP
1479913997 - INFO: OPERATION: 6
1479913997 - INFO: ORIG_GL: glSamplerParameteri (0x7fd7b5ba52c0)
1479913997 - INFO: ORIG_GL: glGetError (0x7fd7b5ba1840)
1479913997 - DEBUG: RAISED STOP
1479913997 - INFO: OPERATION: 22
STORE CALL: glSamplerParameteri(1, GL_TEXTURE_MAX_LOD, 100, )
1479913997 - DEBUG: RAISED STOP
1479913997 - INFO: OPERATION: 6
1479913997 - INFO: ORIG_GL: glSamplerParameteri (0x7fd7b5ba52c0)
1479913997 - INFO: ORIG_GL: glGetError (0x7fd7b5ba1840)
1479913997 - DEBUG: RAISED STOP
1479913997 - INFO: OPERATION: 22
STORE CALL: glGenBuffers(1, 0x1d13210, )
1479913997 - DEBUG: RAISED STOP
1479913997 - INFO: OPERATION: 6
1479913997 - INFO: ORIG_GL: glGenBuffers (0x7fd7b5ba3200)
1479913997 - INFO: ORIG_GL: glGetError (0x7fd7b5ba1840)
1479913997 - DEBUG: RAISED STOP
1479913997 - INFO: OPERATION: 22
STORE CALL: glBindBuffer(GL_ARRAY_BUFFER, 1, )
1479913997 - DEBUG: RAISED STOP
1479913997 - INFO: OPERATION: 6
1479913997 - INFO: ORIG_GL: glBindBuffer (0x7fd7b5ba3140)
1479913997 - INFO: ORIG_GL: glGetError (0x7fd7b5ba1840)
1479913997 - DEBUG: RAISED STOP
1479913997 - INFO: OPERATION: 22
STORE CALL: glBufferData(GL_ARRAY_BUFFER, 14124, (nil), GL_DYNAMIC_DRAW, )
1479913997 - DEBUG: RAISED STOP
1479913997 - INFO: OPERATION: 6
1479913997 - INFO: ORIG_GL: glBufferData (0x7fd7b5ba3160)
1479913997 - INFO: ORIG_GL: glGetError (0x7fd7b5ba1840)
1479913997 - DEBUG: RAISED STOP
1479913997 - INFO: OPERATION: 22
STORE CALL: glBindBuffer(GL_ARRAY_BUFFER, 0, )
1479913997 - DEBUG: RAISED STOP
1479913997 - INFO: OPERATION: 6
1479913997 - INFO: ORIG_GL: glBindBuffer (0x7fd7b5ba3140)
1479913997 - INFO: ORIG_GL: glGetError (0x7fd7b5ba1840)
1479913997 - DEBUG: RAISED STOP
1479913997 - INFO: OPERATION: 22
STORE CALL: glBindBuffer(GL_ARRAY_BUFFER, 1, )
1479913997 - DEBUG: RAISED STOP
1479913997 - INFO: OPERATION: 6
1479913997 - INFO: ORIG_GL: glBindBuffer (0x7fd7b5ba3140)
1479913997 - INFO: ORIG_GL: glGetError (0x7fd7b5ba1840)
1479913997 - DEBUG: RAISED STOP
1479913997 - INFO: OPERATION: 22
STORE CALL: glBufferData(GL_ARRAY_BUFFER, 14124, 0x1b4ab60, GL_DYNAMIC_DRAW, )
1479913997 - DEBUG: RAISED STOP
1479913997 - INFO: OPERATION: 6
1479913997 - INFO: ORIG_GL: glBufferData (0x7fd7b5ba3160)
1479913997 - INFO: ORIG_GL: glGetError (0x7fd7b5ba1840)
1479913997 - DEBUG: RAISED STOP
1479913997 - INFO: OPERATION: 22
STORE CALL: glGenBuffers(1, 0x1d16d50, )
1479913997 - DEBUG: RAISED STOP
1479913997 - INFO: OPERATION: 6
1479913997 - INFO: ORIG_GL: glGenBuffers (0x7fd7b5ba3200)
1479913997 - INFO: ORIG_GL: glGetError (0x7fd7b5ba1840)
1479913997 - DEBUG: RAISED STOP
1479913997 - INFO: OPERATION: 22
STORE CALL: glBindBuffer(GL_ELEMENT_ARRAY_BUFFER, 2, )
1479913997 - DEBUG: RAISED STOP
1479913997 - INFO: OPERATION: 6
1479913997 - INFO: ORIG_GL: glBindBuffer (0x7fd7b5ba3140)
1479913997 - INFO: ORIG_GL: glGetError (0x7fd7b5ba1840)
1479913997 - DEBUG: RAISED STOP
1479913997 - INFO: OPERATION: 22
STORE CALL: glBufferData(GL_ELEMENT_ARRAY_BUFFER, 13536, (nil), GL_DYNAMIC_DRAW, )
1479913997 - DEBUG: RAISED STOP
1479913997 - INFO: OPERATION: 6
1479913997 - INFO: ORIG_GL: glBufferData (0x7fd7b5ba3160)
1479913997 - INFO: ORIG_GL: glGetError (0x7fd7b5ba1840)
1479913997 - DEBUG: RAISED STOP
1479913997 - INFO: OPERATION: 22
STORE CALL: glBindBuffer(GL_ELEMENT_ARRAY_BUFFER, 0, )
1479913997 - DEBUG: RAISED STOP
1479913997 - INFO: OPERATION: 6
1479913997 - INFO: ORIG_GL: glBindBuffer (0x7fd7b5ba3140)
1479913997 - INFO: ORIG_GL: glGetError (0x7fd7b5ba1840)
1479913997 - DEBUG: RAISED STOP
1479913997 - INFO: OPERATION: 22
STORE CALL: glBindBuffer(GL_ELEMENT_ARRAY_BUFFER, 2, )
1479913997 - DEBUG: RAISED STOP
1479913997 - INFO: OPERATION: 6
1479913997 - INFO: ORIG_GL: glBindBuffer (0x7fd7b5ba3140)
1479913997 - INFO: ORIG_GL: glGetError (0x7fd7b5ba1840)
1479913997 - DEBUG: RAISED STOP
1479913997 - INFO: OPERATION: 22
STORE CALL: glBufferData(GL_ELEMENT_ARRAY_BUFFER, 13536, 0x1b4e2a0, GL_DYNAMIC_DRAW, )
1479913997 - DEBUG: RAISED STOP
1479913997 - INFO: OPERATION: 6
1479913997 - INFO: ORIG_GL: glBufferData (0x7fd7b5ba3160)
1479913997 - INFO: ORIG_GL: glGetError (0x7fd7b5ba1840)
1479913997 - DEBUG: RAISED STOP
1479913997 - INFO: OPERATION: 22
STORE CALL: glCreateShader(GL_VERTEX_SHADER, )
1479913997 - DEBUG: RAISED STOP
1479913997 - INFO: OPERATION: 6
1479913997 - INFO: ORIG_GL: glCreateShader (0x7fd7b5ba3420)
1479913997 - INFO: ORIG_GL: glGetError (0x7fd7b5ba1840)
1479913997 - DEBUG: RAISED STOP
1479913997 - INFO: OPERATION: 22
STORE CALL: glShaderSource(1, 1, 0x7ffd95a09258, (nil), )
1479913997 - DEBUG: RAISED STOP
1479913997 - INFO: OPERATION: 6
1479913997 - INFO: ORIG_GL: glShaderSource (0x7fd7b5ba3760)
1479913997 - INFO: ORIG_GL: glGetError (0x7fd7b5ba1840)
1479913997 - DEBUG: RAISED STOP
1479913997 - INFO: OPERATION: 22
STORE CALL: glCompileShader(1, )
1479913997 - DEBUG: RAISED STOP
1479913997 - INFO: OPERATION: 6
1479913997 - INFO: ORIG_GL: glCompileShader (0x7fd7b5ba33e0)
1479913997 - INFO: ORIG_GL: glGetError (0x7fd7b5ba1840)
1479913997 - DEBUG: RAISED STOP
1479913997 - INFO: OPERATION: 22
STORE CALL: glGetShaderiv(1, GL_COMPILE_STATUS, 0x7ffd95a0924c, )
1479913997 - DEBUG: RAISED STOP
1479913997 - INFO: OPERATION: 6
1479913997 - INFO: ORIG_GL: glGetShaderiv (0x7fd7b5ba3600)
1479913997 - INFO: ORIG_GL: glGetError (0x7fd7b5ba1840)
1479913997 - DEBUG: RAISED STOP
1479913997 - INFO: OPERATION: 22
STORE CALL: glCreateShader(GL_FRAGMENT_SHADER, )
1479913997 - DEBUG: RAISED STOP
1479913997 - INFO: OPERATION: 6
1479913997 - INFO: ORIG_GL: glCreateShader (0x7fd7b5ba3420)
1479913997 - INFO: ORIG_GL: glGetError (0x7fd7b5ba1840)
1479913997 - DEBUG: RAISED STOP
1479913997 - INFO: OPERATION: 22
STORE CALL: glShaderSource(2, 1, 0x7ffd95a09258, (nil), )
1479913997 - DEBUG: RAISED STOP
1479913997 - INFO: OPERATION: 6
1479913997 - INFO: ORIG_GL: glShaderSource (0x7fd7b5ba3760)
1479913997 - INFO: ORIG_GL: glGetError (0x7fd7b5ba1840)
1479913997 - DEBUG: RAISED STOP
1479913997 - INFO: OPERATION: 22
STORE CALL: glCompileShader(2, )
1479913997 - DEBUG: RAISED STOP
1479913997 - INFO: OPERATION: 6
1479913997 - INFO: ORIG_GL: glCompileShader (0x7fd7b5ba33e0)
1479913997 - INFO: ORIG_GL: glGetError (0x7fd7b5ba1840)
1479913997 - DEBUG: RAISED STOP
1479913997 - INFO: OPERATION: 22
STORE CALL: glGetShaderiv(2, GL_COMPILE_STATUS, 0x7ffd95a0924c, )
1479913997 - DEBUG: RAISED STOP
1479913997 - INFO: OPERATION: 6
1479913997 - INFO: ORIG_GL: glGetShaderiv (0x7fd7b5ba3600)
1479913997 - INFO: ORIG_GL: glGetError (0x7fd7b5ba1840)
1479913997 - DEBUG: RAISED STOP
1479913997 - INFO: OPERATION: 22
STORE CALL: glGetError()
1479913997 - DEBUG: RAISED STOP
1479913997 - INFO: OPERATION: 6
1479913997 - INFO: ORIG_GL: glGetError (0x7fd7b5ba1840)
1479913997 - INFO: ORIG_GL: glGetError (0x7fd7b5ba1840)
1479913997 - DEBUG: RAISED STOP
1479913997 - INFO: OPERATION: 22
STORE CALL: glCreateProgram()
1479913997 - DEBUG: RAISED STOP
1479913997 - INFO: OPERATION: 6
1479913997 - INFO: ORIG_GL: glCreateProgram (0x7fd7b5ba3400)
1479913997 - INFO: ORIG_GL: glGetError (0x7fd7b5ba1840)
1479913997 - DEBUG: RAISED STOP
1479913997 - INFO: OPERATION: 22
STORE CALL: glGetError()
1479913997 - DEBUG: RAISED STOP
1479913997 - INFO: OPERATION: 6
1479913997 - INFO: ORIG_GL: glGetError (0x7fd7b5ba1840)
1479913997 - INFO: ORIG_GL: glGetError (0x7fd7b5ba1840)
1479913997 - DEBUG: RAISED STOP
1479913997 - INFO: OPERATION: 22
STORE CALL: glAttachShader(3, 1, )
1479913997 - DEBUG: RAISED STOP
1479913997 - INFO: OPERATION: 6
1479913997 - INFO: ORIG_GL: glAttachShader (0x7fd7b5ba3380)
1479913997 - INFO: ORIG_GL: glGetError (0x7fd7b5ba1840)
1479913997 - DEBUG: RAISED STOP
1479913997 - INFO: OPERATION: 22
STORE CALL: glGetError()
1479913997 - DEBUG: RAISED STOP
1479913997 - INFO: OPERATION: 6
1479913997 - INFO: ORIG_GL: glGetError (0x7fd7b5ba1840)
1479913997 - INFO: ORIG_GL: glGetError (0x7fd7b5ba1840)
1479913997 - DEBUG: RAISED STOP
1479913997 - INFO: OPERATION: 22
STORE CALL: glGetError()
1479913997 - DEBUG: RAISED STOP
1479913997 - INFO: OPERATION: 6
1479913997 - INFO: ORIG_GL: glGetError (0x7fd7b5ba1840)
1479913997 - INFO: ORIG_GL: glGetError (0x7fd7b5ba1840)
1479913997 - DEBUG: RAISED STOP
1479913997 - INFO: OPERATION: 22
STORE CALL: glAttachShader(3, 2, )
1479913997 - DEBUG: RAISED STOP
1479913997 - INFO: OPERATION: 6
1479913997 - INFO: ORIG_GL: glAttachShader (0x7fd7b5ba3380)
1479913997 - INFO: ORIG_GL: glGetError (0x7fd7b5ba1840)
1479913997 - DEBUG: RAISED STOP
1479913997 - INFO: OPERATION: 22
STORE CALL: glGetError()
1479913997 - DEBUG: RAISED STOP
1479913997 - INFO: OPERATION: 6
1479913997 - INFO: ORIG_GL: glGetError (0x7fd7b5ba1840)
1479913997 - INFO: ORIG_GL: glGetError (0x7fd7b5ba1840)
1479913997 - DEBUG: RAISED STOP
1479913997 - INFO: OPERATION: 22
STORE CALL: glBindAttribLocation(3, 0, 0x1ff13d0, )
1479913997 - DEBUG: RAISED STOP
1479913997 - INFO: OPERATION: 6
1479913997 - INFO: ORIG_GL: glBindAttribLocation (0x7fd7b5ba33a0)
1479913997 - INFO: ORIG_GL: glGetError (0x7fd7b5ba1840)
1479913997 - DEBUG: RAISED STOP
1479913997 - INFO: OPERATION: 22
STORE CALL: glGetError()
1479913997 - DEBUG: RAISED STOP
1479913997 - INFO: OPERATION: 6
1479913997 - INFO: ORIG_GL: glGetError (0x7fd7b5ba1840)
1479913997 - INFO: ORIG_GL: glGetError (0x7fd7b5ba1840)
1479913997 - DEBUG: RAISED STOP
1479913997 - INFO: OPERATION: 22
STORE CALL: glLinkProgram(3, )
1479913997 - DEBUG: RAISED STOP
1479913997 - INFO: OPERATION: 6
1479913997 - INFO: ORIG_GL: glLinkProgram (0x7fd7b5ba3740)
1479913997 - INFO: ORIG_GL: glGetError (0x7fd7b5ba1840)
1479913997 - DEBUG: RAISED STOP
1479913997 - INFO: OPERATION: 15
1479913997 - DEBUG: Creating extension hashes
1479913997 - INFO: ORIG_GL: glGetIntegerv (0x7fd7b5ba1880)
1479913997 - INFO: Extensions found 63
1479913997 - INFO: ORIG_GL: glGetStringi (0x7fd7b5ba4120)
1479913997 - INFO: ORIG_GL: glGetStringi (0x7fd7b5ba4120)
1479913997 - INFO: ORIG_GL: glGetStringi (0x7fd7b5ba4120)
1479913997 - INFO: ORIG_GL: glGetStringi (0x7fd7b5ba4120)
1479913997 - INFO: ORIG_GL: glGetStringi (0x7fd7b5ba4120)
1479913997 - INFO: ORIG_GL: glGetStringi (0x7fd7b5ba4120)
1479913997 - INFO: ORIG_GL: glGetStringi (0x7fd7b5ba4120)
1479913997 - INFO: ORIG_GL: glGetStringi (0x7fd7b5ba4120)
1479913997 - INFO: ORIG_GL: glGetStringi (0x7fd7b5ba4120)
1479913997 - INFO: ORIG_GL: glGetStringi (0x7fd7b5ba4120)
1479913997 - INFO: ORIG_GL: glGetStringi (0x7fd7b5ba4120)
1479913997 - INFO: ORIG_GL: glGetStringi (0x7fd7b5ba4120)
1479913997 - INFO: ORIG_GL: glGetStringi (0x7fd7b5ba4120)
1479913997 - INFO: ORIG_GL: glGetStringi (0x7fd7b5ba4120)
1479913997 - INFO: ORIG_GL: glGetStringi (0x7fd7b5ba4120)
1479913997 - INFO: ORIG_GL: glGetStringi (0x7fd7b5ba4120)
1479913997 - INFO: ORIG_GL: glGetStringi (0x7fd7b5ba4120)
1479913997 - INFO: ORIG_GL: glGetStringi (0x7fd7b5ba4120)
1479913997 - INFO: ORIG_GL: glGetStringi (0x7fd7b5ba4120)
1479913997 - INFO: ORIG_GL: glGetStringi (0x7fd7b5ba4120)
1479913997 - INFO: ORIG_GL: glGetStringi (0x7fd7b5ba4120)
1479913997 - INFO: ORIG_GL: glGetStringi (0x7fd7b5ba4120)
1479913997 - INFO: ORIG_GL: glGetStringi (0x7fd7b5ba4120)
1479913997 - INFO: ORIG_GL: glGetStringi (0x7fd7b5ba4120)
1479913997 - INFO: ORIG_GL: glGetStringi (0x7fd7b5ba4120)
1479913997 - INFO: ORIG_GL: glGetStringi (0x7fd7b5ba4120)
1479913997 - INFO: ORIG_GL: glGetStringi (0x7fd7b5ba4120)
1479913997 - INFO: ORIG_GL: glGetStringi (0x7fd7b5ba4120)
1479913997 - INFO: ORIG_GL: glGetStringi (0x7fd7b5ba4120)
1479913997 - INFO: ORIG_GL: glGetStringi (0x7fd7b5ba4120)
1479913997 - INFO: ORIG_GL: glGetStringi (0x7fd7b5ba4120)
1479913997 - INFO: ORIG_GL: glGetStringi (0x7fd7b5ba4120)
1479913997 - INFO: ORIG_GL: glGetStringi (0x7fd7b5ba4120)
1479913997 - INFO: ORIG_GL: glGetStringi (0x7fd7b5ba4120)
1479913997 - INFO: ORIG_GL: glGetStringi (0x7fd7b5ba4120)
1479913997 - INFO: ORIG_GL: glGetStringi (0x7fd7b5ba4120)
1479913997 - INFO: ORIG_GL: glGetStringi (0x7fd7b5ba4120)
1479913997 - INFO: ORIG_GL: glGetStringi (0x7fd7b5ba4120)
1479913997 - INFO: ORIG_GL: glGetStringi (0x7fd7b5ba4120)
1479913997 - INFO: ORIG_GL: glGetStringi (0x7fd7b5ba4120)
1479913997 - INFO: ORIG_GL: glGetStringi (0x7fd7b5ba4120)
1479913997 - INFO: ORIG_GL: glGetStringi (0x7fd7b5ba4120)
1479913997 - INFO: ORIG_GL: glGetStringi (0x7fd7b5ba4120)
1479913997 - INFO: ORIG_GL: glGetStringi (0x7fd7b5ba4120)
1479913997 - INFO: ORIG_GL: glGetStringi (0x7fd7b5ba4120)
1479913997 - INFO: ORIG_GL: glGetStringi (0x7fd7b5ba4120)
1479913997 - INFO: ORIG_GL: glGetStringi (0x7fd7b5ba4120)
1479913997 - INFO: ORIG_GL: glGetStringi (0x7fd7b5ba4120)
1479913997 - INFO: ORIG_GL: glGetStringi (0x7fd7b5ba4120)
1479913997 - INFO: ORIG_GL: glGetStringi (0x7fd7b5ba4120)
1479913997 - INFO: ORIG_GL: glGetStringi (0x7fd7b5ba4120)
1479913997 - INFO: ORIG_GL: glGetStringi (0x7fd7b5ba4120)
1479913997 - INFO: ORIG_GL: glGetStringi (0x7fd7b5ba4120)
1479913997 - INFO: ORIG_GL: glGetStringi (0x7fd7b5ba4120)
1479913997 - INFO: ORIG_GL: glGetStringi (0x7fd7b5ba4120)
1479913997 - INFO: ORIG_GL: glGetStringi (0x7fd7b5ba4120)
1479913997 - INFO: ORIG_GL: glGetStringi (0x7fd7b5ba4120)
1479913997 - INFO: ORIG_GL: glGetStringi (0x7fd7b5ba4120)
1479913997 - INFO: ORIG_GL: glGetStringi (0x7fd7b5ba4120)
1479913997 - INFO: ORIG_GL: glGetStringi (0x7fd7b5ba4120)
1479913997 - INFO: ORIG_GL: glGetStringi (0x7fd7b5ba4120)
1479913997 - INFO: ORIG_GL: glGetStringi (0x7fd7b5ba4120)
1479913997 - INFO: ORIG_GL: glGetStringi (0x7fd7b5ba4120)
1479913997 - INFO: not found: GL_EXT_geometry_shader4
1479913997 - INFO: ORIG_GL: glGetIntegerv (0x7fd7b5ba1880)
1479913997 - INFO: ORIG_GL: glGetError (0x7fd7b5ba1840)
1479913997 - DEBUG: RAISED STOP
1479913997 - INFO: OPERATION: 22
STORE CALL: glGetError()
1479913997 - DEBUG: RAISED STOP
1479913997 - INFO: OPERATION: 6
1479913997 - INFO: ORIG_GL: glGetError (0x7fd7b5ba1840)
1479913997 - INFO: ORIG_GL: glGetError (0x7fd7b5ba1840)
1479913997 - DEBUG: RAISED STOP
1479913997 - INFO: OPERATION: 22
STORE CALL: glGetProgramiv(3, GL_LINK_STATUS, 0x7ffd95a09144, )
1479913997 - DEBUG: RAISED STOP
1479913997 - INFO: OPERATION: 6
1479913997 - INFO: ORIG_GL: glGetProgramiv (0x7fd7b5ba35a0)
1479913997 - INFO: ORIG_GL: glGetError (0x7fd7b5ba1840)
1479913997 - DEBUG: RAISED STOP
1479913997 - INFO: OPERATION: 22
STORE CALL: glGetError()
1479913997 - DEBUG: RAISED STOP
1479913997 - INFO: OPERATION: 6
1479913997 - INFO: ORIG_GL: glGetError (0x7fd7b5ba1840)
1479913997 - INFO: ORIG_GL: glGetError (0x7fd7b5ba1840)
1479913997 - DEBUG: RAISED STOP
1479913997 - INFO: OPERATION: 22
STORE CALL: glUseProgram(3, )
1479913997 - DEBUG: RAISED STOP
1479913997 - INFO: OPERATION: 6
1479913997 - INFO: ORIG_GL: glUseProgram (0x7fd7b5ba3a40)
1479913997 - INFO: ORIG_GL: glGetError (0x7fd7b5ba1840)
1479913997 - DEBUG: RAISED STOP
1479913997 - INFO: OPERATION: 15
1479913997 - INFO: not found: GL_EXT_geometry_shader4
1479913997 - INFO: ORIG_GL: glGetIntegerv (0x7fd7b5ba1880)
1479913997 - INFO: ORIG_GL: glGetError (0x7fd7b5ba1840)
1479913997 - INFO: ORIG_GL: glGetProgramiv (0x7fd7b5ba35a0)
1479913997 - INFO: ORIG_GL: glGetError (0x7fd7b5ba1840)
1479913997 - INFO: ORIG_GL: glGetAttachedShaders (0x7fd7b5ba3540)
1479913997 - INFO: ORIG_GL: glGetError (0x7fd7b5ba1840)
1479913997 - INFO: ORIG_GL: glGetShaderiv (0x7fd7b5ba3600)
1479913997 - INFO: ORIG_GL: glGetShaderiv (0x7fd7b5ba3600)
1479913997 - INFO: ORIG_GL: glGetError (0x7fd7b5ba1840)
1479913997 - INFO: ORIG_GL: glGetShaderSource (0x7fd7b5ba35e0)
1479913997 - INFO: ORIG_GL: glGetError (0x7fd7b5ba1840)
1479913997 - INFO: ORIG_GL: glGetShaderiv (0x7fd7b5ba3600)
1479913997 - INFO: ORIG_GL: glGetShaderiv (0x7fd7b5ba3600)
1479913997 - INFO: ORIG_GL: glGetError (0x7fd7b5ba1840)
1479913997 - INFO: ORIG_GL: glGetShaderSource (0x7fd7b5ba35e0)
1479913997 - INFO: ORIG_GL: glGetError (0x7fd7b5ba1840)
1479913997 - INFO: ORIG_GL: glGetProgramiv (0x7fd7b5ba35a0)
1479913997 - INFO: ORIG_GL: glGetProgramiv (0x7fd7b5ba35a0)
1479913997 - INFO: ORIG_GL: glGetError (0x7fd7b5ba1840)
1479913997 - INFO: ACTIVE UNIFORMS: 1
1479913997 - INFO: ORIG_GL: glGetActiveUniform (0x7fd7b5ba3520)
1479913997 - INFO: ORIG_GL: glGetError (0x7fd7b5ba1840)
1479913997 - INFO: FOUND UNIFORM: mvp size=1 type=GL_FLOAT_MAT4
1479913997 - INFO: ORIG_GL: glGetUniformLocation (0x7fd7b5ba3620)
1479913997 - INFO: ORIG_GL: glGetError (0x7fd7b5ba1840)
1479913997 - INFO: SAVE UNIFORM: mvp size=1 type=GL_FLOAT_MAT4 location=0
1479913997 - INFO: ORIG_GL: glGetUniformfv (0x7fd7b5ba3640)
1479913997 - INFO: ORIG_GL: glGetError (0x7fd7b5ba1840)
1479913997 - INFO: ORIG_GL: glGetProgramiv (0x7fd7b5ba35a0)
1479913997 - INFO: ORIG_GL: glGetProgramiv (0x7fd7b5ba35a0)
1479913997 - INFO: ORIG_GL: glGetError (0x7fd7b5ba1840)
1479913997 - INFO: ACTIVE ATTRIBS: 1
1479913997 - INFO: ORIG_GL: glGetActiveAttrib (0x7fd7b5ba3500)
1479913997 - INFO: ORIG_GL: glGetError (0x7fd7b5ba1840)
1479913997 - INFO: ORIG_GL: glGetAttribLocation (0x7fd7b5ba3560)
1479913997 - INFO: ORIG_GL: glGetError (0x7fd7b5ba1840)
1479913997 - INFO: SAVED ATTRIB: inPositions size=1 type=GL_FLOAT_VEC4, location=0
1479913997 - INFO: source[0][0] = #version 300 es



layout (location=0) in highp vec4 inPositions;

out highp vec2 texCoords;

uniform mat4 mvp;

void main()
{
	gl_Position =  mvp * inPositions;
}

1479913997 - INFO: source[2][0] = #version 300 es



out mediump vec4 fragmentColor;

void main()
{
	fragmentColor = vec4(1.0, 1.0, 1.0, 1.0);	
}

1479913997 - INFO: ORIG_GL: glGetIntegerv (0x7fd7b5ba1880)
1479913997 - INFO: ORIG_GL: glGetIntegerv (0x7fd7b5ba1880)
1479913997 - INFO: ORIG_GL: glGetIntegerv (0x7fd7b5ba1880)
1479913997 - INFO: ORIG_GL: glGetIntegerv (0x7fd7b5ba1880)
1479913997 - INFO: ORIG_GL: glGetIntegerv (0x7fd7b5ba1880)
1479913997 - INFO: ORIG_GL: glGetIntegerv (0x7fd7b5ba1880)
1479913997 - INFO: ORIG_GL: glGetIntegerv (0x7fd7b5ba1880)
1479913997 - INFO: ORIG_GL: glGetIntegerv (0x7fd7b5ba1880)
1479913997 - INFO: ORIG_GL: glGetIntegerv (0x7fd7b5ba1880)
1479913997 - INFO: ORIG_GL: glGetIntegerv (0x7fd7b5ba1880)
1479913997 - INFO: ORIG_GL: glGetIntegerv (0x7fd7b5ba1880)
1479913997 - INFO: ORIG_GL: glGetIntegerv (0x7fd7b5ba1880)
1479913997 - INFO: not found: GL_EXT_framebuffer_object
1479913997 - INFO: not found: GL_EXT_geometry_shader4
1479913997 - INFO: not found: GL_NV_transform_feedback
1479913997 - INFO: not found: GL_EXT_transform_feedback
1479913997 - INFO: ORIG_GL: glGetError (0x7fd7b5ba1840)
1479913997 - DEBUG: RAISED STOP
1479913997 - INFO: OPERATION: 22
STORE CALL: glEnable(GL_DEPTH_TEST, )
1479913997 - DEBUG: RAISED STOP
