1479914385 - INFO: Log level set to 6
STORE CALL: glGetIntegerv(GL_MAX_TEXTURE_IMAGE_UNITS, 0x7fff08261b4c, )
1479914385 - DEBUG: RAISED STOP
1479914393 - INFO: OPERATION: 6
1479914393 - INFO: ORIG_GL: glGetIntegerv (0x7f1916cbf880)
1479914393 - INFO: ORIG_GL: glGetError (0x7f1916cbf840)
1479914393 - DEBUG: RAISED STOP
1479914393 - INFO: OPERATION: 22
STORE CALL: glGetIntegerv(GL_UNIFORM_BUFFER_OFFSET_ALIGNMENT, 0x7fff08261b2c, )
1479914393 - DEBUG: RAISED STOP
1479914393 - INFO: OPERATION: 6
1479914393 - INFO: ORIG_GL: glGetIntegerv (0x7f1916cbf880)
1479914393 - INFO: ORIG_GL: glGetError (0x7f1916cbf840)
1479914393 - DEBUG: RAISED STOP
1479914393 - INFO: OPERATION: 22
STORE CALL: glGetIntegerv(GL_SHADER_STORAGE_BUFFER_OFFSET_ALIGNMENT, 0x7fff08261b2c, )
1479914393 - DEBUG: RAISED STOP
1479914393 - INFO: OPERATION: 6
1479914393 - INFO: ORIG_GL: glGetIntegerv (0x7f1916cbf880)
1479914393 - INFO: ORIG_GL: glGetError (0x7f1916cbf840)
1479914393 - DEBUG: RAISED STOP
1479914393 - INFO: OPERATION: 22
STORE CALL: glGetString(GL_EXTENSIONS, )
1479914393 - DEBUG: RAISED STOP
1479914409 - INFO: OPERATION: 6
1479914409 - INFO: ORIG_GL: glGetString (0x7f1916cbfa00)
1479914409 - INFO: ORIG_GL: glGetError (0x7f1916cbf840)
1479914409 - DEBUG: RAISED STOP
1479914409 - INFO: OPERATION: 22
STORE CALL: glGenSamplers(1, 0x257c8c8, )
1479914409 - DEBUG: RAISED STOP
1479914412 - INFO: OPERATION: 6
1479914412 - INFO: ORIG_GL: glGenSamplers (0x7f1916cc3180)
1479914412 - INFO: ORIG_GL: glGetError (0x7f1916cbf840)
1479914412 - DEBUG: RAISED STOP
1479914412 - INFO: OPERATION: 22
STORE CALL: glSamplerParameteri(1, GL_TEXTURE_MIN_FILTER, 9986, )
1479914412 - DEBUG: RAISED STOP
1479914413 - INFO: OPERATION: 6
1479914413 - INFO: ORIG_GL: glSamplerParameteri (0x7f1916cc32c0)
1479914413 - INFO: ORIG_GL: glGetError (0x7f1916cbf840)
1479914413 - DEBUG: RAISED STOP
1479914413 - INFO: OPERATION: 22
STORE CALL: glSamplerParameteri(1, GL_TEXTURE_MAG_FILTER, 9729, )
1479914413 - DEBUG: RAISED STOP
1479914414 - INFO: OPERATION: 6
1479914414 - INFO: ORIG_GL: glSamplerParameteri (0x7f1916cc32c0)
1479914414 - INFO: ORIG_GL: glGetError (0x7f1916cbf840)
1479914414 - DEBUG: RAISED STOP
1479914414 - INFO: OPERATION: 22
STORE CALL: glSamplerParameteri(1, GL_TEXTURE_COMPARE_MODE, 0, )
1479914414 - DEBUG: RAISED STOP
1479914414 - INFO: OPERATION: 6
1479914414 - INFO: ORIG_GL: glSamplerParameteri (0x7f1916cc32c0)
1479914414 - INFO: ORIG_GL: glGetError (0x7f1916cbf840)
1479914414 - DEBUG: RAISED STOP
1479914414 - INFO: OPERATION: 22
STORE CALL: glSamplerParameteri(1, GL_TEXTURE_WRAP_S, 10497, )
1479914414 - DEBUG: RAISED STOP
1479914414 - INFO: OPERATION: 6
1479914414 - INFO: ORIG_GL: glSamplerParameteri (0x7f1916cc32c0)
1479914414 - INFO: ORIG_GL: glGetError (0x7f1916cbf840)
1479914414 - DEBUG: RAISED STOP
1479914414 - INFO: OPERATION: 22
STORE CALL: glSamplerParameteri(1, GL_TEXTURE_WRAP_T, 10497, )
1479914414 - DEBUG: RAISED STOP
1479914415 - INFO: OPERATION: 6
1479914415 - INFO: ORIG_GL: glSamplerParameteri (0x7f1916cc32c0)
1479914415 - INFO: ORIG_GL: glGetError (0x7f1916cbf840)
1479914415 - DEBUG: RAISED STOP
1479914415 - INFO: OPERATION: 22
STORE CALL: glSamplerParameteri(1, GL_TEXTURE_WRAP_R, 10497, )
1479914415 - DEBUG: RAISED STOP
1479914415 - INFO: OPERATION: 6
1479914415 - INFO: ORIG_GL: glSamplerParameteri (0x7f1916cc32c0)
1479914415 - INFO: ORIG_GL: glGetError (0x7f1916cbf840)
1479914415 - DEBUG: RAISED STOP
1479914415 - INFO: OPERATION: 22
STORE CALL: glSamplerParameteri(1, GL_TEXTURE_MIN_LOD, 0, )
1479914415 - DEBUG: RAISED STOP
1479914415 - INFO: OPERATION: 6
1479914415 - INFO: ORIG_GL: glSamplerParameteri (0x7f1916cc32c0)
1479914415 - INFO: ORIG_GL: glGetError (0x7f1916cbf840)
1479914415 - DEBUG: RAISED STOP
1479914415 - INFO: OPERATION: 22
STORE CALL: glSamplerParameteri(1, GL_TEXTURE_MAX_LOD, 100, )
1479914415 - DEBUG: RAISED STOP
1479914415 - INFO: OPERATION: 6
1479914415 - INFO: ORIG_GL: glSamplerParameteri (0x7f1916cc32c0)
1479914415 - INFO: ORIG_GL: glGetError (0x7f1916cbf840)
1479914415 - DEBUG: RAISED STOP
1479914415 - INFO: OPERATION: 22
STORE CALL: glGenBuffers(1, 0x257d070, )
1479914415 - DEBUG: RAISED STOP
1479914415 - INFO: OPERATION: 6
1479914415 - INFO: ORIG_GL: glGenBuffers (0x7f1916cc1200)
1479914415 - INFO: ORIG_GL: glGetError (0x7f1916cbf840)
1479914415 - DEBUG: RAISED STOP
1479914415 - INFO: OPERATION: 22
STORE CALL: glBindBuffer(GL_ARRAY_BUFFER, 1, )
1479914415 - DEBUG: RAISED STOP
1479914416 - INFO: OPERATION: 6
1479914416 - INFO: ORIG_GL: glBindBuffer (0x7f1916cc1140)
1479914416 - INFO: ORIG_GL: glGetError (0x7f1916cbf840)
1479914416 - DEBUG: RAISED STOP
1479914416 - INFO: OPERATION: 22
STORE CALL: glBufferData(GL_ARRAY_BUFFER, 14124, (nil), GL_DYNAMIC_DRAW, )
1479914416 - DEBUG: RAISED STOP
1479914416 - INFO: OPERATION: 6
1479914416 - INFO: ORIG_GL: glBufferData (0x7f1916cc1160)
1479914416 - INFO: ORIG_GL: glGetError (0x7f1916cbf840)
1479914416 - DEBUG: RAISED STOP
1479914416 - INFO: OPERATION: 22
STORE CALL: glBindBuffer(GL_ARRAY_BUFFER, 0, )
1479914416 - DEBUG: RAISED STOP
1479914416 - INFO: OPERATION: 6
1479914416 - INFO: ORIG_GL: glBindBuffer (0x7f1916cc1140)
1479914416 - INFO: ORIG_GL: glGetError (0x7f1916cbf840)
1479914416 - DEBUG: RAISED STOP
1479914416 - INFO: OPERATION: 22
STORE CALL: glBindBuffer(GL_ARRAY_BUFFER, 1, )
1479914416 - DEBUG: RAISED STOP
1479914416 - INFO: OPERATION: 6
1479914416 - INFO: ORIG_GL: glBindBuffer (0x7f1916cc1140)
1479914416 - INFO: ORIG_GL: glGetError (0x7f1916cbf840)
1479914416 - DEBUG: RAISED STOP
1479914416 - INFO: OPERATION: 22
STORE CALL: glBufferData(GL_ARRAY_BUFFER, 14124, 0x23c4b60, GL_DYNAMIC_DRAW, )
1479914416 - DEBUG: RAISED STOP
1479914416 - INFO: OPERATION: 6
1479914416 - INFO: ORIG_GL: glBufferData (0x7f1916cc1160)
1479914416 - INFO: ORIG_GL: glGetError (0x7f1916cbf840)
1479914416 - DEBUG: RAISED STOP
1479914416 - INFO: OPERATION: 22
STORE CALL: glGenBuffers(1, 0x2580b70, )
1479914416 - DEBUG: RAISED STOP
1479914417 - INFO: OPERATION: 6
1479914417 - INFO: ORIG_GL: glGenBuffers (0x7f1916cc1200)
1479914417 - INFO: ORIG_GL: glGetError (0x7f1916cbf840)
1479914417 - DEBUG: RAISED STOP
1479914417 - INFO: OPERATION: 22
STORE CALL: glBindBuffer(GL_ELEMENT_ARRAY_BUFFER, 2, )
1479914417 - DEBUG: RAISED STOP
1479914417 - INFO: OPERATION: 6
1479914417 - INFO: ORIG_GL: glBindBuffer (0x7f1916cc1140)
1479914417 - INFO: ORIG_GL: glGetError (0x7f1916cbf840)
1479914417 - DEBUG: RAISED STOP
1479914417 - INFO: OPERATION: 22
STORE CALL: glBufferData(GL_ELEMENT_ARRAY_BUFFER, 13536, (nil), GL_DYNAMIC_DRAW, )
1479914417 - DEBUG: RAISED STOP
1479914417 - INFO: OPERATION: 6
1479914417 - INFO: ORIG_GL: glBufferData (0x7f1916cc1160)
1479914417 - INFO: ORIG_GL: glGetError (0x7f1916cbf840)
1479914417 - DEBUG: RAISED STOP
1479914417 - INFO: OPERATION: 22
STORE CALL: glBindBuffer(GL_ELEMENT_ARRAY_BUFFER, 0, )
1479914417 - DEBUG: RAISED STOP
1479914418 - INFO: OPERATION: 6
1479914418 - INFO: ORIG_GL: glBindBuffer (0x7f1916cc1140)
1479914418 - INFO: ORIG_GL: glGetError (0x7f1916cbf840)
1479914418 - DEBUG: RAISED STOP
1479914418 - INFO: OPERATION: 22
STORE CALL: glBindBuffer(GL_ELEMENT_ARRAY_BUFFER, 2, )
1479914418 - DEBUG: RAISED STOP
1479914430 - INFO: OPERATION: 6
1479914430 - INFO: ORIG_GL: glBindBuffer (0x7f1916cc1140)
1479914430 - INFO: ORIG_GL: glGetError (0x7f1916cbf840)
1479914430 - DEBUG: RAISED STOP
1479914430 - INFO: OPERATION: 22
STORE CALL: glBufferData(GL_ELEMENT_ARRAY_BUFFER, 13536, 0x23c82a0, GL_DYNAMIC_DRAW, )
1479914430 - DEBUG: RAISED STOP
1479914430 - INFO: OPERATION: 6
1479914430 - INFO: ORIG_GL: glBufferData (0x7f1916cc1160)
1479914430 - INFO: ORIG_GL: glGetError (0x7f1916cbf840)
1479914430 - DEBUG: RAISED STOP
1479914430 - INFO: OPERATION: 22
STORE CALL: glCreateShader(GL_VERTEX_SHADER, )
1479914430 - DEBUG: RAISED STOP
1479914430 - INFO: OPERATION: 6
1479914430 - INFO: ORIG_GL: glCreateShader (0x7f1916cc1420)
1479914430 - INFO: ORIG_GL: glGetError (0x7f1916cbf840)
1479914430 - DEBUG: RAISED STOP
1479914430 - INFO: OPERATION: 22
STORE CALL: glShaderSource(1, 1, 0x7fff082610a8, (nil), )
1479914430 - DEBUG: RAISED STOP
1479914430 - INFO: OPERATION: 6
1479914430 - INFO: ORIG_GL: glShaderSource (0x7f1916cc1760)
1479914430 - INFO: ORIG_GL: glGetError (0x7f1916cbf840)
1479914430 - DEBUG: RAISED STOP
1479914430 - INFO: OPERATION: 22
STORE CALL: glCompileShader(1, )
1479914430 - DEBUG: RAISED STOP
1479914430 - INFO: OPERATION: 6
1479914430 - INFO: ORIG_GL: glCompileShader (0x7f1916cc13e0)
1479914430 - INFO: ORIG_GL: glGetError (0x7f1916cbf840)
1479914430 - DEBUG: RAISED STOP
1479914430 - INFO: OPERATION: 22
STORE CALL: glGetShaderiv(1, GL_COMPILE_STATUS, 0x7fff0826109c, )
1479914430 - DEBUG: RAISED STOP
1479914430 - INFO: OPERATION: 6
1479914430 - INFO: ORIG_GL: glGetShaderiv (0x7f1916cc1600)
1479914430 - INFO: ORIG_GL: glGetError (0x7f1916cbf840)
1479914430 - DEBUG: RAISED STOP
1479914430 - INFO: OPERATION: 22
STORE CALL: glCreateShader(GL_FRAGMENT_SHADER, )
1479914430 - DEBUG: RAISED STOP
1479914430 - INFO: OPERATION: 6
1479914430 - INFO: ORIG_GL: glCreateShader (0x7f1916cc1420)
1479914430 - INFO: ORIG_GL: glGetError (0x7f1916cbf840)
1479914430 - DEBUG: RAISED STOP
1479914430 - INFO: OPERATION: 22
STORE CALL: glShaderSource(2, 1, 0x7fff082610a8, (nil), )
1479914430 - DEBUG: RAISED STOP
1479914430 - INFO: OPERATION: 6
1479914430 - INFO: ORIG_GL: glShaderSource (0x7f1916cc1760)
1479914430 - INFO: ORIG_GL: glGetError (0x7f1916cbf840)
1479914430 - DEBUG: RAISED STOP
1479914430 - INFO: OPERATION: 22
STORE CALL: glCompileShader(2, )
1479914430 - DEBUG: RAISED STOP
1479914430 - INFO: OPERATION: 6
1479914430 - INFO: ORIG_GL: glCompileShader (0x7f1916cc13e0)
1479914430 - INFO: ORIG_GL: glGetError (0x7f1916cbf840)
1479914430 - DEBUG: RAISED STOP
1479914430 - INFO: OPERATION: 22
STORE CALL: glGetShaderiv(2, GL_COMPILE_STATUS, 0x7fff0826109c, )
1479914430 - DEBUG: RAISED STOP
1479914430 - INFO: OPERATION: 6
1479914430 - INFO: ORIG_GL: glGetShaderiv (0x7f1916cc1600)
1479914430 - INFO: ORIG_GL: glGetError (0x7f1916cbf840)
1479914430 - DEBUG: RAISED STOP
1479914430 - INFO: OPERATION: 22
STORE CALL: glGetError()
1479914430 - DEBUG: RAISED STOP
1479914430 - INFO: OPERATION: 6
1479914430 - INFO: ORIG_GL: glGetError (0x7f1916cbf840)
1479914430 - INFO: ORIG_GL: glGetError (0x7f1916cbf840)
1479914430 - DEBUG: RAISED STOP
1479914430 - INFO: OPERATION: 22
STORE CALL: glCreateProgram()
1479914430 - DEBUG: RAISED STOP
1479914430 - INFO: OPERATION: 6
1479914430 - INFO: ORIG_GL: glCreateProgram (0x7f1916cc1400)
1479914430 - INFO: ORIG_GL: glGetError (0x7f1916cbf840)
1479914430 - DEBUG: RAISED STOP
1479914430 - INFO: OPERATION: 22
STORE CALL: glGetError()
1479914430 - DEBUG: RAISED STOP
1479914430 - INFO: OPERATION: 6
1479914430 - INFO: ORIG_GL: glGetError (0x7f1916cbf840)
1479914430 - INFO: ORIG_GL: glGetError (0x7f1916cbf840)
1479914430 - DEBUG: RAISED STOP
1479914430 - INFO: OPERATION: 22
STORE CALL: glAttachShader(3, 1, )
1479914430 - DEBUG: RAISED STOP
1479914430 - INFO: OPERATION: 6
1479914430 - INFO: ORIG_GL: glAttachShader (0x7f1916cc1380)
1479914430 - INFO: ORIG_GL: glGetError (0x7f1916cbf840)
1479914430 - DEBUG: RAISED STOP
1479914430 - INFO: OPERATION: 22
STORE CALL: glGetError()
1479914430 - DEBUG: RAISED STOP
1479914430 - INFO: OPERATION: 6
1479914430 - INFO: ORIG_GL: glGetError (0x7f1916cbf840)
1479914430 - INFO: ORIG_GL: glGetError (0x7f1916cbf840)
1479914430 - DEBUG: RAISED STOP
1479914430 - INFO: OPERATION: 22
STORE CALL: glGetError()
1479914430 - DEBUG: RAISED STOP
1479914430 - INFO: OPERATION: 6
1479914430 - INFO: ORIG_GL: glGetError (0x7f1916cbf840)
1479914430 - INFO: ORIG_GL: glGetError (0x7f1916cbf840)
1479914430 - DEBUG: RAISED STOP
1479914430 - INFO: OPERATION: 22
STORE CALL: glAttachShader(3, 2, )
1479914430 - DEBUG: RAISED STOP
1479914430 - INFO: OPERATION: 6
1479914430 - INFO: ORIG_GL: glAttachShader (0x7f1916cc1380)
1479914430 - INFO: ORIG_GL: glGetError (0x7f1916cbf840)
1479914430 - DEBUG: RAISED STOP
1479914430 - INFO: OPERATION: 22
STORE CALL: glGetError()
1479914430 - DEBUG: RAISED STOP
1479914430 - INFO: OPERATION: 6
1479914430 - INFO: ORIG_GL: glGetError (0x7f1916cbf840)
1479914430 - INFO: ORIG_GL: glGetError (0x7f1916cbf840)
1479914430 - DEBUG: RAISED STOP
1479914430 - INFO: OPERATION: 22
STORE CALL: glBindAttribLocation(3, 0, 0x2589a10, )
1479914430 - DEBUG: RAISED STOP
1479914430 - INFO: OPERATION: 6
1479914430 - INFO: ORIG_GL: glBindAttribLocation (0x7f1916cc13a0)
1479914430 - INFO: ORIG_GL: glGetError (0x7f1916cbf840)
1479914430 - DEBUG: RAISED STOP
1479914430 - INFO: OPERATION: 22
STORE CALL: glGetError()
1479914430 - DEBUG: RAISED STOP
1479914430 - INFO: OPERATION: 6
1479914430 - INFO: ORIG_GL: glGetError (0x7f1916cbf840)
1479914430 - INFO: ORIG_GL: glGetError (0x7f1916cbf840)
1479914430 - DEBUG: RAISED STOP
1479914430 - INFO: OPERATION: 22
STORE CALL: glLinkProgram(3, )
1479914430 - DEBUG: RAISED STOP
1479914434 - INFO: OPERATION: 6
1479914434 - INFO: ORIG_GL: glLinkProgram (0x7f1916cc1740)
1479914434 - INFO: ORIG_GL: glGetError (0x7f1916cbf840)
1479914434 - DEBUG: RAISED STOP
1479914434 - INFO: OPERATION: 15
1479914434 - DEBUG: Creating extension hashes
1479914434 - INFO: ORIG_GL: glGetIntegerv (0x7f1916cbf880)
1479914434 - INFO: Extensions found 63
1479914434 - INFO: ORIG_GL: glGetStringi (0x7f1916cc2120)
1479914434 - INFO: ORIG_GL: glGetStringi (0x7f1916cc2120)
1479914434 - INFO: ORIG_GL: glGetStringi (0x7f1916cc2120)
1479914434 - INFO: ORIG_GL: glGetStringi (0x7f1916cc2120)
1479914434 - INFO: ORIG_GL: glGetStringi (0x7f1916cc2120)
1479914434 - INFO: ORIG_GL: glGetStringi (0x7f1916cc2120)
1479914434 - INFO: ORIG_GL: glGetStringi (0x7f1916cc2120)
1479914434 - INFO: ORIG_GL: glGetStringi (0x7f1916cc2120)
1479914434 - INFO: ORIG_GL: glGetStringi (0x7f1916cc2120)
1479914434 - INFO: ORIG_GL: glGetStringi (0x7f1916cc2120)
1479914434 - INFO: ORIG_GL: glGetStringi (0x7f1916cc2120)
1479914434 - INFO: ORIG_GL: glGetStringi (0x7f1916cc2120)
1479914434 - INFO: ORIG_GL: glGetStringi (0x7f1916cc2120)
1479914434 - INFO: ORIG_GL: glGetStringi (0x7f1916cc2120)
1479914434 - INFO: ORIG_GL: glGetStringi (0x7f1916cc2120)
1479914434 - INFO: ORIG_GL: glGetStringi (0x7f1916cc2120)
1479914434 - INFO: ORIG_GL: glGetStringi (0x7f1916cc2120)
1479914434 - INFO: ORIG_GL: glGetStringi (0x7f1916cc2120)
1479914434 - INFO: ORIG_GL: glGetStringi (0x7f1916cc2120)
1479914434 - INFO: ORIG_GL: glGetStringi (0x7f1916cc2120)
1479914434 - INFO: ORIG_GL: glGetStringi (0x7f1916cc2120)
1479914434 - INFO: ORIG_GL: glGetStringi (0x7f1916cc2120)
1479914434 - INFO: ORIG_GL: glGetStringi (0x7f1916cc2120)
1479914434 - INFO: ORIG_GL: glGetStringi (0x7f1916cc2120)
1479914434 - INFO: ORIG_GL: glGetStringi (0x7f1916cc2120)
1479914434 - INFO: ORIG_GL: glGetStringi (0x7f1916cc2120)
1479914434 - INFO: ORIG_GL: glGetStringi (0x7f1916cc2120)
1479914434 - INFO: ORIG_GL: glGetStringi (0x7f1916cc2120)
1479914434 - INFO: ORIG_GL: glGetStringi (0x7f1916cc2120)
1479914434 - INFO: ORIG_GL: glGetStringi (0x7f1916cc2120)
1479914434 - INFO: ORIG_GL: glGetStringi (0x7f1916cc2120)
1479914434 - INFO: ORIG_GL: glGetStringi (0x7f1916cc2120)
1479914434 - INFO: ORIG_GL: glGetStringi (0x7f1916cc2120)
1479914434 - INFO: ORIG_GL: glGetStringi (0x7f1916cc2120)
1479914434 - INFO: ORIG_GL: glGetStringi (0x7f1916cc2120)
1479914434 - INFO: ORIG_GL: glGetStringi (0x7f1916cc2120)
1479914434 - INFO: ORIG_GL: glGetStringi (0x7f1916cc2120)
1479914434 - INFO: ORIG_GL: glGetStringi (0x7f1916cc2120)
1479914434 - INFO: ORIG_GL: glGetStringi (0x7f1916cc2120)
1479914434 - INFO: ORIG_GL: glGetStringi (0x7f1916cc2120)
1479914434 - INFO: ORIG_GL: glGetStringi (0x7f1916cc2120)
1479914434 - INFO: ORIG_GL: glGetStringi (0x7f1916cc2120)
1479914434 - INFO: ORIG_GL: glGetStringi (0x7f1916cc2120)
1479914434 - INFO: ORIG_GL: glGetStringi (0x7f1916cc2120)
1479914434 - INFO: ORIG_GL: glGetStringi (0x7f1916cc2120)
1479914434 - INFO: ORIG_GL: glGetStringi (0x7f1916cc2120)
1479914434 - INFO: ORIG_GL: glGetStringi (0x7f1916cc2120)
1479914434 - INFO: ORIG_GL: glGetStringi (0x7f1916cc2120)
1479914434 - INFO: ORIG_GL: glGetStringi (0x7f1916cc2120)
1479914434 - INFO: ORIG_GL: glGetStringi (0x7f1916cc2120)
1479914434 - INFO: ORIG_GL: glGetStringi (0x7f1916cc2120)
1479914434 - INFO: ORIG_GL: glGetStringi (0x7f1916cc2120)
1479914434 - INFO: ORIG_GL: glGetStringi (0x7f1916cc2120)
1479914434 - INFO: ORIG_GL: glGetStringi (0x7f1916cc2120)
1479914434 - INFO: ORIG_GL: glGetStringi (0x7f1916cc2120)
1479914434 - INFO: ORIG_GL: glGetStringi (0x7f1916cc2120)
1479914434 - INFO: ORIG_GL: glGetStringi (0x7f1916cc2120)
1479914434 - INFO: ORIG_GL: glGetStringi (0x7f1916cc2120)
1479914434 - INFO: ORIG_GL: glGetStringi (0x7f1916cc2120)
1479914434 - INFO: ORIG_GL: glGetStringi (0x7f1916cc2120)
1479914434 - INFO: ORIG_GL: glGetStringi (0x7f1916cc2120)
1479914434 - INFO: ORIG_GL: glGetStringi (0x7f1916cc2120)
1479914434 - INFO: ORIG_GL: glGetStringi (0x7f1916cc2120)
1479914434 - INFO: not found: GL_EXT_geometry_shader4
1479914434 - INFO: ORIG_GL: glGetIntegerv (0x7f1916cbf880)
1479914434 - INFO: ORIG_GL: glGetError (0x7f1916cbf840)
1479914434 - DEBUG: RAISED STOP
1479914434 - INFO: OPERATION: 22
STORE CALL: glGetError()
1479914434 - DEBUG: RAISED STOP
1479914435 - INFO: OPERATION: 6
1479914435 - INFO: ORIG_GL: glGetError (0x7f1916cbf840)
1479914435 - INFO: ORIG_GL: glGetError (0x7f1916cbf840)
1479914435 - DEBUG: RAISED STOP
1479914435 - INFO: OPERATION: 22
STORE CALL: glGetProgramiv(3, GL_LINK_STATUS, 0x7fff08260f94, )
1479914435 - DEBUG: RAISED STOP
1479914436 - INFO: OPERATION: 6
1479914436 - INFO: ORIG_GL: glGetProgramiv (0x7f1916cc15a0)
1479914436 - INFO: ORIG_GL: glGetError (0x7f1916cbf840)
1479914436 - DEBUG: RAISED STOP
1479914436 - INFO: OPERATION: 22
STORE CALL: glGetError()
1479914436 - DEBUG: RAISED STOP
1479914437 - INFO: OPERATION: 6
1479914437 - INFO: ORIG_GL: glGetError (0x7f1916cbf840)
1479914437 - INFO: ORIG_GL: glGetError (0x7f1916cbf840)
1479914437 - DEBUG: RAISED STOP
1479914437 - INFO: OPERATION: 22
STORE CALL: glUseProgram(3, )
1479914437 - DEBUG: RAISED STOP
1479914437 - INFO: OPERATION: 6
1479914437 - INFO: ORIG_GL: glUseProgram (0x7f1916cc1a40)
1479914437 - INFO: ORIG_GL: glGetError (0x7f1916cbf840)
1479914437 - DEBUG: RAISED STOP
1479914437 - INFO: OPERATION: 15
1479914437 - INFO: not found: GL_EXT_geometry_shader4
1479914437 - INFO: ORIG_GL: glGetIntegerv (0x7f1916cbf880)
1479914437 - INFO: ORIG_GL: glGetError (0x7f1916cbf840)
1479914437 - INFO: ORIG_GL: glGetProgramiv (0x7f1916cc15a0)
1479914437 - INFO: ORIG_GL: glGetError (0x7f1916cbf840)
1479914437 - INFO: ORIG_GL: glGetAttachedShaders (0x7f1916cc1540)
1479914437 - INFO: ORIG_GL: glGetError (0x7f1916cbf840)
1479914437 - INFO: ORIG_GL: glGetShaderiv (0x7f1916cc1600)
1479914437 - INFO: ORIG_GL: glGetShaderiv (0x7f1916cc1600)
1479914437 - INFO: ORIG_GL: glGetError (0x7f1916cbf840)
1479914437 - INFO: ORIG_GL: glGetShaderSource (0x7f1916cc15e0)
1479914437 - INFO: ORIG_GL: glGetError (0x7f1916cbf840)
1479914437 - INFO: ORIG_GL: glGetShaderiv (0x7f1916cc1600)
1479914437 - INFO: ORIG_GL: glGetShaderiv (0x7f1916cc1600)
1479914437 - INFO: ORIG_GL: glGetError (0x7f1916cbf840)
1479914437 - INFO: ORIG_GL: glGetShaderSource (0x7f1916cc15e0)
1479914437 - INFO: ORIG_GL: glGetError (0x7f1916cbf840)
1479914437 - INFO: ORIG_GL: glGetProgramiv (0x7f1916cc15a0)
1479914437 - INFO: ORIG_GL: glGetProgramiv (0x7f1916cc15a0)
1479914437 - INFO: ORIG_GL: glGetError (0x7f1916cbf840)
1479914437 - INFO: ACTIVE UNIFORMS: 1
1479914437 - INFO: ORIG_GL: glGetActiveUniform (0x7f1916cc1520)
1479914437 - INFO: ORIG_GL: glGetError (0x7f1916cbf840)
1479914437 - INFO: FOUND UNIFORM: mvp size=1 type=GL_FLOAT_MAT4
1479914437 - INFO: ORIG_GL: glGetUniformLocation (0x7f1916cc1620)
1479914437 - INFO: ORIG_GL: glGetError (0x7f1916cbf840)
1479914437 - INFO: SAVE UNIFORM: mvp size=1 type=GL_FLOAT_MAT4 location=0
1479914437 - INFO: ORIG_GL: glGetUniformfv (0x7f1916cc1640)
1479914437 - INFO: ORIG_GL: glGetError (0x7f1916cbf840)
1479914437 - INFO: ORIG_GL: glGetProgramiv (0x7f1916cc15a0)
1479914437 - INFO: ORIG_GL: glGetProgramiv (0x7f1916cc15a0)
1479914437 - INFO: ORIG_GL: glGetError (0x7f1916cbf840)
1479914437 - INFO: ACTIVE ATTRIBS: 1
1479914437 - INFO: ORIG_GL: glGetActiveAttrib (0x7f1916cc1500)
1479914437 - INFO: ORIG_GL: glGetError (0x7f1916cbf840)
1479914437 - INFO: ORIG_GL: glGetAttribLocation (0x7f1916cc1560)
1479914437 - INFO: ORIG_GL: glGetError (0x7f1916cbf840)
1479914437 - INFO: SAVED ATTRIB: inPositions size=1 type=GL_FLOAT_VEC4, location=0
1479914437 - INFO: source[0][0] = #version 300 es



layout (location=0) in highp vec4 inPositions;

out highp vec2 texCoords;

uniform mat4 mvp;

void main()
{
	gl_Position =  mvp * inPositions;
}

1479914437 - INFO: source[2][0] = #version 300 es



out mediump vec4 fragmentColor;

void main()
{
	fragmentColor = vec4(1.0, 1.0, 1.0, 1.0);	
}

1479914437 - INFO: ORIG_GL: glGetIntegerv (0x7f1916cbf880)
1479914437 - INFO: ORIG_GL: glGetIntegerv (0x7f1916cbf880)
1479914437 - INFO: ORIG_GL: glGetIntegerv (0x7f1916cbf880)
1479914437 - INFO: ORIG_GL: glGetIntegerv (0x7f1916cbf880)
1479914437 - INFO: ORIG_GL: glGetIntegerv (0x7f1916cbf880)
1479914437 - INFO: ORIG_GL: glGetIntegerv (0x7f1916cbf880)
1479914437 - INFO: ORIG_GL: glGetIntegerv (0x7f1916cbf880)
1479914437 - INFO: ORIG_GL: glGetIntegerv (0x7f1916cbf880)
1479914437 - INFO: ORIG_GL: glGetIntegerv (0x7f1916cbf880)
1479914437 - INFO: ORIG_GL: glGetIntegerv (0x7f1916cbf880)
1479914437 - INFO: ORIG_GL: glGetIntegerv (0x7f1916cbf880)
1479914437 - INFO: ORIG_GL: glGetIntegerv (0x7f1916cbf880)
1479914437 - INFO: not found: GL_EXT_framebuffer_object
1479914437 - INFO: not found: GL_EXT_geometry_shader4
1479914437 - INFO: not found: GL_NV_transform_feedback
1479914437 - INFO: not found: GL_EXT_transform_feedback
1479914437 - INFO: ORIG_GL: glGetError (0x7f1916cbf840)
1479914437 - DEBUG: RAISED STOP
1479914437 - INFO: OPERATION: 22
STORE CALL: glEnable(GL_DEPTH_TEST, )
1479914437 - DEBUG: RAISED STOP
1479914438 - INFO: OPERATION: 6
1479914438 - INFO: ORIG_GL: glEnable (0x7f1916cbf280)
1479914438 - INFO: ORIG_GL: glGetError (0x7f1916cbf840)
1479914438 - DEBUG: RAISED STOP
1479914438 - INFO: OPERATION: 22
STORE CALL: glEnable(GL_CULL_FACE, )
1479914438 - DEBUG: RAISED STOP
1479914438 - INFO: OPERATION: 6
1479914438 - INFO: ORIG_GL: glEnable (0x7f1916cbf280)
1479914438 - INFO: ORIG_GL: glGetError (0x7f1916cbf840)
1479914438 - DEBUG: RAISED STOP
1479914438 - INFO: OPERATION: 22
STORE CALL: glCullFace(GL_BACK, )
1479914438 - DEBUG: RAISED STOP
1479914438 - INFO: OPERATION: 6
1479914438 - INFO: ORIG_GL: glCullFace (0x7f1916cbeaa0)
1479914438 - INFO: ORIG_GL: glGetError (0x7f1916cbf840)
1479914438 - DEBUG: RAISED STOP
1479914438 - INFO: OPERATION: 22
STORE CALL: glStencilFuncSeparate(GL_FRONT, GL_LESS, 0, 255, )
1479914438 - DEBUG: RAISED STOP
1479914439 - INFO: OPERATION: 6
1479914439 - INFO: ORIG_GL: glStencilFuncSeparate (0x7f1916cc1780)
1479914439 - INFO: ORIG_GL: glGetError (0x7f1916cbf840)
1479914439 - DEBUG: RAISED STOP
1479914439 - INFO: OPERATION: 22
STORE CALL: glStencilFuncSeparate(GL_BACK, GL_LESS, 0, 255, )
1479914439 - DEBUG: RAISED STOP
1479914440 - INFO: OPERATION: 6
1479914440 - INFO: ORIG_GL: glStencilFuncSeparate (0x7f1916cc1780)
1479914440 - INFO: ORIG_GL: glGetError (0x7f1916cbf840)
1479914440 - DEBUG: RAISED STOP
1479914440 - INFO: OPERATION: 22
STORE CALL: glGenSamplers(1, 0x259ece8, )
1479914440 - DEBUG: RAISED STOP
1479914440 - INFO: OPERATION: 6
1479914440 - INFO: ORIG_GL: glGenSamplers (0x7f1916cc3180)
1479914440 - INFO: ORIG_GL: glGetError (0x7f1916cbf840)
1479914440 - DEBUG: RAISED STOP
1479914440 - INFO: OPERATION: 22
STORE CALL: glSamplerParameteri(2, GL_TEXTURE_MIN_FILTER, 9987, )
1479914440 - DEBUG: RAISED STOP
1479914440 - INFO: OPERATION: 6
1479914440 - INFO: ORIG_GL: glSamplerParameteri (0x7f1916cc32c0)
1479914440 - INFO: ORIG_GL: glGetError (0x7f1916cbf840)
1479914440 - DEBUG: RAISED STOP
1479914440 - INFO: OPERATION: 22
STORE CALL: glSamplerParameteri(2, GL_TEXTURE_MAG_FILTER, 9729, )
1479914440 - DEBUG: RAISED STOP
1479914440 - INFO: OPERATION: 6
1479914440 - INFO: ORIG_GL: glSamplerParameteri (0x7f1916cc32c0)
1479914440 - INFO: ORIG_GL: glGetError (0x7f1916cbf840)
1479914440 - DEBUG: RAISED STOP
1479914440 - INFO: OPERATION: 22
STORE CALL: glSamplerParameteri(2, GL_TEXTURE_COMPARE_MODE, 0, )
1479914440 - DEBUG: RAISED STOP
1479914440 - INFO: OPERATION: 6
1479914440 - INFO: ORIG_GL: glSamplerParameteri (0x7f1916cc32c0)
1479914440 - INFO: ORIG_GL: glGetError (0x7f1916cbf840)
1479914440 - DEBUG: RAISED STOP
1479914440 - INFO: OPERATION: 22
STORE CALL: glSamplerParameteri(2, GL_TEXTURE_WRAP_S, 10497, )
1479914440 - DEBUG: RAISED STOP
1479914440 - INFO: OPERATION: 6
1479914440 - INFO: ORIG_GL: glSamplerParameteri (0x7f1916cc32c0)
1479914440 - INFO: ORIG_GL: glGetError (0x7f1916cbf840)
1479914440 - DEBUG: RAISED STOP
1479914440 - INFO: OPERATION: 22
STORE CALL: glSamplerParameteri(2, GL_TEXTURE_WRAP_T, 10497, )
1479914440 - DEBUG: RAISED STOP
1479914440 - INFO: OPERATION: 6
1479914440 - INFO: ORIG_GL: glSamplerParameteri (0x7f1916cc32c0)
1479914440 - INFO: ORIG_GL: glGetError (0x7f1916cbf840)
1479914440 - DEBUG: RAISED STOP
1479914440 - INFO: OPERATION: 22
STORE CALL: glSamplerParameteri(2, GL_TEXTURE_WRAP_R, 10497, )
1479914440 - DEBUG: RAISED STOP
1479914440 - INFO: OPERATION: 6
1479914440 - INFO: ORIG_GL: glSamplerParameteri (0x7f1916cc32c0)
1479914440 - INFO: ORIG_GL: glGetError (0x7f1916cbf840)
1479914440 - DEBUG: RAISED STOP
1479914440 - INFO: OPERATION: 22
STORE CALL: glSamplerParameteri(2, GL_TEXTURE_MIN_LOD, 0, )
1479914440 - DEBUG: RAISED STOP
1479914440 - INFO: OPERATION: 6
1479914440 - INFO: ORIG_GL: glSamplerParameteri (0x7f1916cc32c0)
1479914440 - INFO: ORIG_GL: glGetError (0x7f1916cbf840)
1479914440 - DEBUG: RAISED STOP
1479914440 - INFO: OPERATION: 22
STORE CALL: glSamplerParameteri(2, GL_TEXTURE_MAX_LOD, 100, )
1479914440 - DEBUG: RAISED STOP
1479914440 - INFO: OPERATION: 6
1479914440 - INFO: ORIG_GL: glSamplerParameteri (0x7f1916cc32c0)
1479914440 - INFO: ORIG_GL: glGetError (0x7f1916cbf840)
1479914440 - DEBUG: RAISED STOP
1479914440 - INFO: OPERATION: 22
STORE CALL: glGetString(GL_EXTENSIONS, )
1479914440 - DEBUG: RAISED STOP
1479914440 - INFO: OPERATION: 6
1479914440 - INFO: ORIG_GL: glGetString (0x7f1916cbfa00)
1479914440 - INFO: ORIG_GL: glGetError (0x7f1916cbf840)
1479914440 - DEBUG: RAISED STOP
1479914440 - INFO: OPERATION: 22
STORE CALL: glGenTextures(1, 0x7fff08260820, )
1479914440 - DEBUG: RAISED STOP
1479914440 - INFO: OPERATION: 6
1479914440 - INFO: ORIG_GL: glGenTextures (0x7f1916cc00a0)
1479914440 - INFO: ORIG_GL: glGetError (0x7f1916cbf840)
1479914440 - DEBUG: RAISED STOP
1479914440 - INFO: OPERATION: 22
STORE CALL: glBindTexture(GL_TEXTURE_2D, 1, )
1479914440 - DEBUG: RAISED STOP
1479914440 - INFO: OPERATION: 6
1479914440 - INFO: ORIG_GL: glBindTexture (0x7f1916cbfe00)
1479914440 - INFO: ORIG_GL: glGetError (0x7f1916cbf840)
1479914440 - DEBUG: RAISED STOP
1479914440 - INFO: OPERATION: 22
STORE CALL: glPixelStorei(GL_UNPACK_ALIGNMENT, 1, )
1479914440 - DEBUG: RAISED STOP
1479914440 - INFO: OPERATION: 6
1479914440 - INFO: ORIG_GL: glPixelStorei (0x7f1916cbf6e0)
1479914440 - INFO: ORIG_GL: glGetError (0x7f1916cbf840)
1479914440 - DEBUG: RAISED STOP
1479914440 - INFO: OPERATION: 22
STORE CALL: glGetError()
1479914440 - DEBUG: RAISED STOP
1479914440 - INFO: OPERATION: 6
1479914440 - INFO: ORIG_GL: glGetError (0x7f1916cbf840)
1479914440 - INFO: ORIG_GL: glGetError (0x7f1916cbf840)
1479914440 - DEBUG: RAISED STOP
1479914440 - INFO: OPERATION: 22
STORE CALL: glTexStorage2D(GL_TEXTURE_2D, 11, GL_RGBA8, 1024, 1024, )
1479914440 - DEBUG: RAISED STOP
1479914440 - INFO: OPERATION: 6
1479914440 - INFO: ORIG_GL: glTexStorage2D (0x7f1916cc3f60)
1479914440 - INFO: ORIG_GL: glGetError (0x7f1916cbf840)
1479914440 - DEBUG: RAISED STOP
1479914440 - INFO: OPERATION: 22
STORE CALL: glGetError()
1479914440 - DEBUG: RAISED STOP
1479914440 - INFO: OPERATION: 6
1479914440 - INFO: ORIG_GL: glGetError (0x7f1916cbf840)
1479914440 - INFO: ORIG_GL: glGetError (0x7f1916cbf840)
1479914440 - DEBUG: RAISED STOP
1479914440 - INFO: OPERATION: 22
STORE CALL: glTexSubImage2D(GL_TEXTURE_2D, 0, 0, 0, 1024, 1024, GL_RGBA, GL_UNSIGNED_BYTE, 0x7f190aa11010, )
1479914440 - DEBUG: RAISED STOP
1479914440 - INFO: OPERATION: 6
1479914440 - INFO: ORIG_GL: glTexSubImage2D (0x7f1916cc0140)
1479914440 - INFO: ORIG_GL: glGetError (0x7f1916cbf840)
1479914440 - DEBUG: RAISED STOP
1479914440 - INFO: OPERATION: 22
STORE CALL: glGetError()
1479914440 - DEBUG: RAISED STOP
1479914440 - INFO: OPERATION: 6
1479914440 - INFO: ORIG_GL: glGetError (0x7f1916cbf840)
1479914440 - INFO: ORIG_GL: glGetError (0x7f1916cbf840)
1479914440 - DEBUG: RAISED STOP
1479914440 - INFO: OPERATION: 22
STORE CALL: glTexSubImage2D(GL_TEXTURE_2D, 1, 0, 0, 512, 512, GL_RGBA, GL_UNSIGNED_BYTE, 0x7f190ae11010, )
1479914440 - DEBUG: RAISED STOP
1479914440 - INFO: OPERATION: 6
1479914440 - INFO: ORIG_GL: glTexSubImage2D (0x7f1916cc0140)
1479914440 - INFO: ORIG_GL: glGetError (0x7f1916cbf840)
1479914440 - DEBUG: RAISED STOP
1479914440 - INFO: OPERATION: 22
STORE CALL: glGetError()
1479914440 - DEBUG: RAISED STOP
1479914440 - INFO: OPERATION: 6
1479914440 - INFO: ORIG_GL: glGetError (0x7f1916cbf840)
1479914440 - INFO: ORIG_GL: glGetError (0x7f1916cbf840)
1479914440 - DEBUG: RAISED STOP
1479914440 - INFO: OPERATION: 22
STORE CALL: glTexSubImage2D(GL_TEXTURE_2D, 2, 0, 0, 256, 256, GL_RGBA, GL_UNSIGNED_BYTE, 0x7f190af11010, )
1479914440 - DEBUG: RAISED STOP
1479914440 - INFO: OPERATION: 6
1479914440 - INFO: ORIG_GL: glTexSubImage2D (0x7f1916cc0140)
1479914440 - INFO: ORIG_GL: glGetError (0x7f1916cbf840)
1479914440 - DEBUG: RAISED STOP
1479914440 - INFO: OPERATION: 22
STORE CALL: glGetError()
1479914440 - DEBUG: RAISED STOP
1479914440 - INFO: OPERATION: 6
1479914440 - INFO: ORIG_GL: glGetError (0x7f1916cbf840)
1479914440 - INFO: ORIG_GL: glGetError (0x7f1916cbf840)
1479914440 - DEBUG: RAISED STOP
1479914440 - INFO: OPERATION: 22
STORE CALL: glTexSubImage2D(GL_TEXTURE_2D, 3, 0, 0, 128, 128, GL_RGBA, GL_UNSIGNED_BYTE, 0x7f190af51010, )
1479914440 - DEBUG: RAISED STOP
1479914440 - INFO: OPERATION: 6
1479914440 - INFO: ORIG_GL: glTexSubImage2D (0x7f1916cc0140)
1479914440 - INFO: ORIG_GL: glGetError (0x7f1916cbf840)
1479914440 - DEBUG: RAISED STOP
1479914440 - INFO: OPERATION: 22
STORE CALL: glGetError()
1479914440 - DEBUG: RAISED STOP
1479914440 - INFO: OPERATION: 6
1479914440 - INFO: ORIG_GL: glGetError (0x7f1916cbf840)
1479914440 - INFO: ORIG_GL: glGetError (0x7f1916cbf840)
1479914440 - DEBUG: RAISED STOP
1479914440 - INFO: OPERATION: 22
STORE CALL: glTexSubImage2D(GL_TEXTURE_2D, 4, 0, 0, 64, 64, GL_RGBA, GL_UNSIGNED_BYTE, 0x7f190af61010, )
1479914440 - DEBUG: RAISED STOP
1479914440 - INFO: OPERATION: 6
1479914440 - INFO: ORIG_GL: glTexSubImage2D (0x7f1916cc0140)
1479914440 - INFO: ORIG_GL: glGetError (0x7f1916cbf840)
1479914440 - DEBUG: RAISED STOP
1479914440 - INFO: OPERATION: 22
STORE CALL: glGetError()
1479914440 - DEBUG: RAISED STOP
1479914440 - INFO: OPERATION: 6
1479914440 - INFO: ORIG_GL: glGetError (0x7f1916cbf840)
1479914440 - INFO: ORIG_GL: glGetError (0x7f1916cbf840)
1479914440 - DEBUG: RAISED STOP
1479914440 - INFO: OPERATION: 22
STORE CALL: glTexSubImage2D(GL_TEXTURE_2D, 5, 0, 0, 32, 32, GL_RGBA, GL_UNSIGNED_BYTE, 0x7f190af65010, )
1479914440 - DEBUG: RAISED STOP
1479914441 - INFO: OPERATION: 6
1479914441 - INFO: ORIG_GL: glTexSubImage2D (0x7f1916cc0140)
1479914441 - INFO: ORIG_GL: glGetError (0x7f1916cbf840)
1479914441 - DEBUG: RAISED STOP
1479914441 - INFO: OPERATION: 22
STORE CALL: glGetError()
1479914441 - DEBUG: RAISED STOP
1479914441 - INFO: OPERATION: 6
1479914441 - INFO: ORIG_GL: glGetError (0x7f1916cbf840)
1479914441 - INFO: ORIG_GL: glGetError (0x7f1916cbf840)
1479914441 - DEBUG: RAISED STOP
1479914441 - INFO: OPERATION: 22
STORE CALL: glTexSubImage2D(GL_TEXTURE_2D, 6, 0, 0, 16, 16, GL_RGBA, GL_UNSIGNED_BYTE, 0x7f190af66010, )
1479914441 - DEBUG: RAISED STOP
1479914441 - INFO: OPERATION: 6
1479914441 - INFO: ORIG_GL: glTexSubImage2D (0x7f1916cc0140)
1479914441 - INFO: ORIG_GL: glGetError (0x7f1916cbf840)
1479914441 - DEBUG: RAISED STOP
1479914441 - INFO: OPERATION: 22
STORE CALL: glGetError()
1479914441 - DEBUG: RAISED STOP
1479914441 - INFO: OPERATION: 6
1479914441 - INFO: ORIG_GL: glGetError (0x7f1916cbf840)
1479914441 - INFO: ORIG_GL: glGetError (0x7f1916cbf840)
1479914441 - DEBUG: RAISED STOP
1479914441 - INFO: OPERATION: 22
STORE CALL: glTexSubImage2D(GL_TEXTURE_2D, 7, 0, 0, 8, 8, GL_RGBA, GL_UNSIGNED_BYTE, 0x7f190af66410, )
1479914441 - DEBUG: RAISED STOP
1479914441 - INFO: OPERATION: 6
1479914441 - INFO: ORIG_GL: glTexSubImage2D (0x7f1916cc0140)
1479914441 - INFO: ORIG_GL: glGetError (0x7f1916cbf840)
1479914441 - DEBUG: RAISED STOP
1479914441 - INFO: OPERATION: 22
STORE CALL: glGetError()
1479914441 - DEBUG: RAISED STOP
1479914441 - INFO: OPERATION: 6
1479914441 - INFO: ORIG_GL: glGetError (0x7f1916cbf840)
1479914441 - INFO: ORIG_GL: glGetError (0x7f1916cbf840)
1479914441 - DEBUG: RAISED STOP
1479914441 - INFO: OPERATION: 22
STORE CALL: glTexSubImage2D(GL_TEXTURE_2D, 8, 0, 0, 4, 4, GL_RGBA, GL_UNSIGNED_BYTE, 0x7f190af66510, )
1479914441 - DEBUG: RAISED STOP
1479914441 - INFO: OPERATION: 6
1479914441 - INFO: ORIG_GL: glTexSubImage2D (0x7f1916cc0140)
1479914441 - INFO: ORIG_GL: glGetError (0x7f1916cbf840)
1479914441 - DEBUG: RAISED STOP
1479914441 - INFO: OPERATION: 22
STORE CALL: glGetError()
1479914441 - DEBUG: RAISED STOP
1479914441 - INFO: OPERATION: 6
1479914441 - INFO: ORIG_GL: glGetError (0x7f1916cbf840)
1479914441 - INFO: ORIG_GL: glGetError (0x7f1916cbf840)
1479914441 - DEBUG: RAISED STOP
1479914441 - INFO: OPERATION: 22
STORE CALL: glTexSubImage2D(GL_TEXTURE_2D, 9, 0, 0, 2, 2, GL_RGBA, GL_UNSIGNED_BYTE, 0x7f190af66550, )
1479914441 - DEBUG: RAISED STOP
1479914441 - INFO: OPERATION: 6
1479914441 - INFO: ORIG_GL: glTexSubImage2D (0x7f1916cc0140)
1479914441 - INFO: ORIG_GL: glGetError (0x7f1916cbf840)
1479914441 - DEBUG: RAISED STOP
1479914441 - INFO: OPERATION: 22
STORE CALL: glGetError()
1479914441 - DEBUG: RAISED STOP
1479914441 - INFO: OPERATION: 6
1479914441 - INFO: ORIG_GL: glGetError (0x7f1916cbf840)
1479914441 - INFO: ORIG_GL: glGetError (0x7f1916cbf840)
1479914441 - DEBUG: RAISED STOP
1479914441 - INFO: OPERATION: 22
STORE CALL: glTexSubImage2D(GL_TEXTURE_2D, 10, 0, 0, 1, 1, GL_RGBA, GL_UNSIGNED_BYTE, 0x7f190af66560, )
1479914441 - DEBUG: RAISED STOP
1479914441 - INFO: OPERATION: 6
1479914441 - INFO: ORIG_GL: glTexSubImage2D (0x7f1916cc0140)
1479914441 - INFO: ORIG_GL: glGetError (0x7f1916cbf840)
1479914441 - DEBUG: RAISED STOP
1479914441 - INFO: OPERATION: 22
STORE CALL: glGetError()
1479914441 - DEBUG: RAISED STOP
1479914441 - INFO: OPERATION: 6
1479914441 - INFO: ORIG_GL: glGetError (0x7f1916cbf840)
1479914441 - INFO: ORIG_GL: glGetError (0x7f1916cbf840)
1479914441 - DEBUG: RAISED STOP
1479914441 - INFO: OPERATION: 22
STORE CALL: glBindFramebuffer(GL_FRAMEBUFFER, 0, )
1479914441 - DEBUG: RAISED STOP
1479914441 - INFO: OPERATION: 6
1479914441 - INFO: ORIG_GL: glBindFramebuffer (0x7f1916cc2a40)
1479914441 - INFO: ORIG_GL: glGetError (0x7f1916cbf840)
1479914441 - DEBUG: RAISED STOP
1479914441 - INFO: OPERATION: 22
STORE CALL: glCreateShader(GL_VERTEX_SHADER, )
1479914441 - DEBUG: RAISED STOP
1479914441 - INFO: OPERATION: 6
1479914441 - INFO: ORIG_GL: glCreateShader (0x7f1916cc1420)
1479914441 - INFO: ORIG_GL: glGetError (0x7f1916cbf840)
1479914441 - DEBUG: RAISED STOP
1479914441 - INFO: OPERATION: 22
STORE CALL: glShaderSource(4, 1, 0x7fff082611b8, (nil), )
1479914441 - DEBUG: RAISED STOP
1479914441 - INFO: OPERATION: 6
1479914441 - INFO: ORIG_GL: glShaderSource (0x7f1916cc1760)
1479914441 - INFO: ORIG_GL: glGetError (0x7f1916cbf840)
1479914441 - DEBUG: RAISED STOP
1479914441 - INFO: OPERATION: 22
STORE CALL: glCompileShader(4, )
1479914441 - DEBUG: RAISED STOP
1479914441 - INFO: OPERATION: 6
1479914441 - INFO: ORIG_GL: glCompileShader (0x7f1916cc13e0)
1479914441 - INFO: ORIG_GL: glGetError (0x7f1916cbf840)
1479914441 - DEBUG: RAISED STOP
1479914441 - INFO: OPERATION: 22
STORE CALL: glGetShaderiv(4, GL_COMPILE_STATUS, 0x7fff082611ac, )
1479914441 - DEBUG: RAISED STOP
1479914441 - INFO: OPERATION: 6
1479914441 - INFO: ORIG_GL: glGetShaderiv (0x7f1916cc1600)
1479914441 - INFO: ORIG_GL: glGetError (0x7f1916cbf840)
1479914441 - DEBUG: RAISED STOP
1479914441 - INFO: OPERATION: 22
STORE CALL: glCreateShader(GL_FRAGMENT_SHADER, )
1479914441 - DEBUG: RAISED STOP
1479914441 - INFO: OPERATION: 6
1479914441 - INFO: ORIG_GL: glCreateShader (0x7f1916cc1420)
1479914441 - INFO: ORIG_GL: glGetError (0x7f1916cbf840)
1479914441 - DEBUG: RAISED STOP
1479914441 - INFO: OPERATION: 22
STORE CALL: glShaderSource(5, 1, 0x7fff082611b8, (nil), )
1479914441 - DEBUG: RAISED STOP
1479914441 - INFO: OPERATION: 6
1479914441 - INFO: ORIG_GL: glShaderSource (0x7f1916cc1760)
1479914441 - INFO: ORIG_GL: glGetError (0x7f1916cbf840)
1479914441 - DEBUG: RAISED STOP
1479914441 - INFO: OPERATION: 22
STORE CALL: glCompileShader(5, )
1479914441 - DEBUG: RAISED STOP
1479914441 - INFO: OPERATION: 6
1479914441 - INFO: ORIG_GL: glCompileShader (0x7f1916cc13e0)
1479914441 - INFO: ORIG_GL: glGetError (0x7f1916cbf840)
1479914441 - DEBUG: RAISED STOP
1479914441 - INFO: OPERATION: 22
STORE CALL: glGetShaderiv(5, GL_COMPILE_STATUS, 0x7fff082611ac, )
1479914441 - DEBUG: RAISED STOP
1479914441 - INFO: OPERATION: 6
1479914441 - INFO: ORIG_GL: glGetShaderiv (0x7f1916cc1600)
1479914441 - INFO: ORIG_GL: glGetError (0x7f1916cbf840)
1479914441 - DEBUG: RAISED STOP
1479914441 - INFO: OPERATION: 22
STORE CALL: glGetError()
1479914441 - DEBUG: RAISED STOP
1479914441 - INFO: OPERATION: 6
1479914441 - INFO: ORIG_GL: glGetError (0x7f1916cbf840)
1479914441 - INFO: ORIG_GL: glGetError (0x7f1916cbf840)
1479914441 - DEBUG: RAISED STOP
1479914441 - INFO: OPERATION: 22
STORE CALL: glCreateProgram()
1479914441 - DEBUG: RAISED STOP
1479914441 - INFO: OPERATION: 6
1479914441 - INFO: ORIG_GL: glCreateProgram (0x7f1916cc1400)
1479914441 - INFO: ORIG_GL: glGetError (0x7f1916cbf840)
1479914441 - DEBUG: RAISED STOP
1479914441 - INFO: OPERATION: 22
STORE CALL: glGetError()
1479914441 - DEBUG: RAISED STOP
1479914441 - INFO: OPERATION: 6
1479914441 - INFO: ORIG_GL: glGetError (0x7f1916cbf840)
1479914441 - INFO: ORIG_GL: glGetError (0x7f1916cbf840)
1479914441 - DEBUG: RAISED STOP
1479914441 - INFO: OPERATION: 22
STORE CALL: glAttachShader(6, 4, )
1479914441 - DEBUG: RAISED STOP
1479914441 - INFO: OPERATION: 6
1479914441 - INFO: ORIG_GL: glAttachShader (0x7f1916cc1380)
1479914441 - INFO: ORIG_GL: glGetError (0x7f1916cbf840)
1479914441 - DEBUG: RAISED STOP
1479914441 - INFO: OPERATION: 22
STORE CALL: glGetError()
1479914441 - DEBUG: RAISED STOP
1479914441 - INFO: OPERATION: 6
1479914441 - INFO: ORIG_GL: glGetError (0x7f1916cbf840)
1479914441 - INFO: ORIG_GL: glGetError (0x7f1916cbf840)
1479914441 - DEBUG: RAISED STOP
1479914441 - INFO: OPERATION: 22
STORE CALL: glGetError()
1479914441 - DEBUG: RAISED STOP
1479914441 - INFO: OPERATION: 6
1479914441 - INFO: ORIG_GL: glGetError (0x7f1916cbf840)
1479914441 - INFO: ORIG_GL: glGetError (0x7f1916cbf840)
1479914441 - DEBUG: RAISED STOP
1479914441 - INFO: OPERATION: 22
STORE CALL: glAttachShader(6, 5, )
1479914441 - DEBUG: RAISED STOP
1479914441 - INFO: OPERATION: 6
1479914441 - INFO: ORIG_GL: glAttachShader (0x7f1916cc1380)
1479914441 - INFO: ORIG_GL: glGetError (0x7f1916cbf840)
1479914441 - DEBUG: RAISED STOP
1479914441 - INFO: OPERATION: 22
STORE CALL: glGetError()
1479914441 - DEBUG: RAISED STOP
1479914441 - INFO: OPERATION: 6
1479914441 - INFO: ORIG_GL: glGetError (0x7f1916cbf840)
1479914441 - INFO: ORIG_GL: glGetError (0x7f1916cbf840)
1479914441 - DEBUG: RAISED STOP
1479914441 - INFO: OPERATION: 22
STORE CALL: glBindAttribLocation(6, 0, 0x29abe60, )
1479914441 - DEBUG: RAISED STOP
1479914441 - INFO: OPERATION: 6
1479914441 - INFO: ORIG_GL: glBindAttribLocation (0x7f1916cc13a0)
1479914441 - INFO: ORIG_GL: glGetError (0x7f1916cbf840)
1479914441 - DEBUG: RAISED STOP
1479914441 - INFO: OPERATION: 22
STORE CALL: glBindAttribLocation(6, 1, 0x29abe98, )
1479914441 - DEBUG: RAISED STOP
1479914441 - INFO: OPERATION: 6
1479914441 - INFO: ORIG_GL: glBindAttribLocation (0x7f1916cc13a0)
1479914441 - INFO: ORIG_GL: glGetError (0x7f1916cbf840)
1479914441 - DEBUG: RAISED STOP
1479914441 - INFO: OPERATION: 22
STORE CALL: glGetError()
1479914441 - DEBUG: RAISED STOP
1479914441 - INFO: OPERATION: 6
1479914441 - INFO: ORIG_GL: glGetError (0x7f1916cbf840)
1479914441 - INFO: ORIG_GL: glGetError (0x7f1916cbf840)
1479914441 - DEBUG: RAISED STOP
1479914441 - INFO: OPERATION: 22
STORE CALL: glLinkProgram(6, )
1479914441 - DEBUG: RAISED STOP
1479914443 - INFO: OPERATION: 6
1479914443 - INFO: ORIG_GL: glLinkProgram (0x7f1916cc1740)
1479914443 - INFO: ORIG_GL: glGetError (0x7f1916cbf840)
1479914443 - DEBUG: RAISED STOP
1479914443 - INFO: OPERATION: 15
1479914443 - INFO: not found: GL_EXT_geometry_shader4
1479914443 - INFO: ORIG_GL: glGetIntegerv (0x7f1916cbf880)
1479914443 - INFO: ORIG_GL: glGetError (0x7f1916cbf840)
1479914443 - INFO: ORIG_GL: glGetProgramiv (0x7f1916cc15a0)
1479914443 - INFO: ORIG_GL: glGetError (0x7f1916cbf840)
1479914443 - INFO: ORIG_GL: glGetAttachedShaders (0x7f1916cc1540)
1479914443 - INFO: ORIG_GL: glGetError (0x7f1916cbf840)
1479914443 - INFO: ORIG_GL: glGetShaderiv (0x7f1916cc1600)
1479914443 - INFO: ORIG_GL: glGetShaderiv (0x7f1916cc1600)
1479914443 - INFO: ORIG_GL: glGetError (0x7f1916cbf840)
1479914443 - INFO: ORIG_GL: glGetShaderSource (0x7f1916cc15e0)
1479914443 - INFO: ORIG_GL: glGetError (0x7f1916cbf840)
1479914443 - INFO: ORIG_GL: glGetShaderiv (0x7f1916cc1600)
1479914443 - INFO: ORIG_GL: glGetShaderiv (0x7f1916cc1600)
1479914443 - INFO: ORIG_GL: glGetError (0x7f1916cbf840)
1479914443 - INFO: ORIG_GL: glGetShaderSource (0x7f1916cc15e0)
1479914443 - INFO: ORIG_GL: glGetError (0x7f1916cbf840)
1479914443 - INFO: ORIG_GL: glGetProgramiv (0x7f1916cc15a0)
1479914443 - INFO: ORIG_GL: glGetProgramiv (0x7f1916cc15a0)
1479914443 - INFO: ORIG_GL: glGetError (0x7f1916cbf840)
1479914443 - INFO: ACTIVE UNIFORMS: 1
1479914443 - INFO: ORIG_GL: glGetActiveUniform (0x7f1916cc1520)
1479914443 - INFO: ORIG_GL: glGetError (0x7f1916cbf840)
1479914443 - INFO: FOUND UNIFORM: mvp size=1 type=GL_FLOAT_MAT4
1479914443 - INFO: ORIG_GL: glGetUniformLocation (0x7f1916cc1620)
1479914443 - INFO: ORIG_GL: glGetError (0x7f1916cbf840)
1479914443 - INFO: SAVE UNIFORM: mvp size=1 type=GL_FLOAT_MAT4 location=0
1479914443 - INFO: ORIG_GL: glGetUniformfv (0x7f1916cc1640)
1479914443 - INFO: ORIG_GL: glGetError (0x7f1916cbf840)
1479914443 - INFO: ORIG_GL: glGetProgramiv (0x7f1916cc15a0)
1479914443 - INFO: ORIG_GL: glGetProgramiv (0x7f1916cc15a0)
1479914443 - INFO: ORIG_GL: glGetError (0x7f1916cbf840)
1479914443 - INFO: ACTIVE ATTRIBS: 1
1479914443 - INFO: ORIG_GL: glGetActiveAttrib (0x7f1916cc1500)
1479914443 - INFO: ORIG_GL: glGetError (0x7f1916cbf840)
1479914443 - INFO: ORIG_GL: glGetAttribLocation (0x7f1916cc1560)
1479914443 - INFO: ORIG_GL: glGetError (0x7f1916cbf840)
1479914443 - INFO: SAVED ATTRIB: inPositions size=1 type=GL_FLOAT_VEC4, location=0
1479914443 - INFO: source[0][0] = #version 300 es



layout (location=0) in highp vec4 inPositions;

out highp vec2 texCoords;

uniform mat4 mvp;

void main()
{
	gl_Position =  mvp * inPositions;
}

1479914443 - INFO: source[2][0] = #version 300 es



out mediump vec4 fragmentColor;

void main()
{
	fragmentColor = vec4(1.0, 1.0, 1.0, 1.0);	
}

1479914443 - INFO: ORIG_GL: glGetIntegerv (0x7f1916cbf880)
1479914443 - INFO: ORIG_GL: glGetIntegerv (0x7f1916cbf880)
1479914443 - INFO: ORIG_GL: glGetIntegerv (0x7f1916cbf880)
1479914443 - INFO: ORIG_GL: glGetIntegerv (0x7f1916cbf880)
1479914443 - INFO: ORIG_GL: glGetIntegerv (0x7f1916cbf880)
1479914443 - INFO: ORIG_GL: glGetIntegerv (0x7f1916cbf880)
1479914443 - INFO: ORIG_GL: glGetIntegerv (0x7f1916cbf880)
1479914443 - INFO: ORIG_GL: glGetIntegerv (0x7f1916cbf880)
1479914443 - INFO: ORIG_GL: glGetIntegerv (0x7f1916cbf880)
1479914443 - INFO: ORIG_GL: glGetIntegerv (0x7f1916cbf880)
1479914443 - INFO: ORIG_GL: glGetIntegerv (0x7f1916cbf880)
1479914443 - INFO: ORIG_GL: glGetIntegerv (0x7f1916cbf880)
1479914443 - INFO: not found: GL_EXT_framebuffer_object
1479914443 - INFO: not found: GL_EXT_geometry_shader4
1479914443 - INFO: not found: GL_NV_transform_feedback
1479914443 - INFO: not found: GL_EXT_transform_feedback
1479914443 - INFO: ORIG_GL: glGetError (0x7f1916cbf840)
1479914443 - DEBUG: RAISED STOP
1479914443 - INFO: OPERATION: 22
STORE CALL: glGetError()
1479914443 - DEBUG: RAISED STOP
1479914446 - INFO: OPERATION: 6
1479914446 - INFO: ORIG_GL: glGetError (0x7f1916cbf840)
1479914446 - INFO: ORIG_GL: glGetError (0x7f1916cbf840)
1479914446 - DEBUG: RAISED STOP
1479914446 - INFO: OPERATION: 22
STORE CALL: glGetProgramiv(6, GL_LINK_STATUS, 0x7fff082610e4, )
1479914446 - DEBUG: RAISED STOP
1479914447 - INFO: OPERATION: 6
1479914447 - INFO: ORIG_GL: glGetProgramiv (0x7f1916cc15a0)
1479914447 - INFO: ORIG_GL: glGetError (0x7f1916cbf840)
1479914447 - DEBUG: RAISED STOP
1479914447 - INFO: OPERATION: 22
STORE CALL: glGetError()
1479914447 - DEBUG: RAISED STOP
1479914447 - INFO: OPERATION: 6
1479914447 - INFO: ORIG_GL: glGetError (0x7f1916cbf840)
1479914447 - INFO: ORIG_GL: glGetError (0x7f1916cbf840)
1479914447 - DEBUG: RAISED STOP
1479914447 - INFO: OPERATION: 22
STORE CALL: glGetUniformLocation(6, 0x25a05e0, )
1479914447 - DEBUG: RAISED STOP
1479914448 - INFO: OPERATION: 6
1479914448 - INFO: ORIG_GL: glGetUniformLocation (0x7f1916cc1620)
1479914448 - INFO: ORIG_GL: glGetError (0x7f1916cbf840)
1479914448 - DEBUG: RAISED STOP
1479914448 - INFO: OPERATION: 22
STORE CALL: glUseProgram(6, )
1479914448 - DEBUG: RAISED STOP
1479914461 - INFO: OPERATION: 22
STORE CALL: glUniform1i(2, 0, )
1479914461 - DEBUG: RAISED STOP
