1479915008 - INFO: Log level set to 6
STORE CALL: glGetIntegerv(GL_MAX_TEXTURE_IMAGE_UNITS, 0x7fff3358977c, )
1479915008 - DEBUG: RAISED STOP
1479915019 - INFO: OPERATION: 6
1479915019 - INFO: ORIG_GL: glGetIntegerv (0x7fd843a49880)
1479915019 - INFO: ORIG_GL: glGetError (0x7fd843a49840)
1479915019 - DEBUG: RAISED STOP
1479915019 - INFO: OPERATION: 22
STORE CALL: glGetIntegerv(GL_UNIFORM_BUFFER_OFFSET_ALIGNMENT, 0x7fff3358975c, )
1479915019 - DEBUG: RAISED STOP
1479915023 - INFO: OPERATION: 6
1479915023 - INFO: ORIG_GL: glGetIntegerv (0x7fd843a49880)
1479915023 - INFO: ORIG_GL: glGetError (0x7fd843a49840)
1479915023 - DEBUG: RAISED STOP
1479915023 - INFO: OPERATION: 22
STORE CALL: glGetIntegerv(GL_SHADER_STORAGE_BUFFER_OFFSET_ALIGNMENT, 0x7fff3358975c, )
1479915023 - DEBUG: RAISED STOP
1479915023 - INFO: OPERATION: 6
1479915023 - INFO: ORIG_GL: glGetIntegerv (0x7fd843a49880)
1479915023 - INFO: ORIG_GL: glGetError (0x7fd843a49840)
1479915023 - DEBUG: RAISED STOP
1479915023 - INFO: OPERATION: 22
STORE CALL: glGetString(GL_EXTENSIONS, )
1479915023 - DEBUG: RAISED STOP
1479915024 - INFO: OPERATION: 6
1479915024 - INFO: ORIG_GL: glGetString (0x7fd843a49a00)
1479915024 - INFO: ORIG_GL: glGetError (0x7fd843a49840)
1479915024 - DEBUG: RAISED STOP
1479915024 - INFO: OPERATION: 22
STORE CALL: glGenSamplers(1, 0xcbe8c8, )
1479915024 - DEBUG: RAISED STOP
1479915032 - INFO: OPERATION: 6
1479915032 - INFO: ORIG_GL: glGenSamplers (0x7fd843a4d180)
1479915032 - INFO: ORIG_GL: glGetError (0x7fd843a49840)
1479915032 - DEBUG: RAISED STOP
1479915032 - INFO: OPERATION: 22
STORE CALL: glSamplerParameteri(1, GL_TEXTURE_MIN_FILTER, 9986, )
1479915032 - DEBUG: RAISED STOP
1479915032 - INFO: OPERATION: 6
1479915032 - INFO: ORIG_GL: glSamplerParameteri (0x7fd843a4d2c0)
1479915032 - INFO: ORIG_GL: glGetError (0x7fd843a49840)
1479915032 - DEBUG: RAISED STOP
1479915032 - INFO: OPERATION: 22
STORE CALL: glSamplerParameteri(1, GL_TEXTURE_MAG_FILTER, 9729, )
1479915032 - DEBUG: RAISED STOP
1479915032 - INFO: OPERATION: 6
1479915032 - INFO: ORIG_GL: glSamplerParameteri (0x7fd843a4d2c0)
1479915032 - INFO: ORIG_GL: glGetError (0x7fd843a49840)
1479915032 - DEBUG: RAISED STOP
1479915032 - INFO: OPERATION: 22
STORE CALL: glSamplerParameteri(1, GL_TEXTURE_COMPARE_MODE, 0, )
1479915032 - DEBUG: RAISED STOP
1479915032 - INFO: OPERATION: 6
1479915032 - INFO: ORIG_GL: glSamplerParameteri (0x7fd843a4d2c0)
1479915032 - INFO: ORIG_GL: glGetError (0x7fd843a49840)
1479915032 - DEBUG: RAISED STOP
1479915032 - INFO: OPERATION: 22
STORE CALL: glSamplerParameteri(1, GL_TEXTURE_WRAP_S, 10497, )
1479915032 - DEBUG: RAISED STOP
1479915032 - INFO: OPERATION: 6
1479915032 - INFO: ORIG_GL: glSamplerParameteri (0x7fd843a4d2c0)
1479915032 - INFO: ORIG_GL: glGetError (0x7fd843a49840)
1479915032 - DEBUG: RAISED STOP
1479915032 - INFO: OPERATION: 22
STORE CALL: glSamplerParameteri(1, GL_TEXTURE_WRAP_T, 10497, )
1479915032 - DEBUG: RAISED STOP
1479915032 - INFO: OPERATION: 6
1479915032 - INFO: ORIG_GL: glSamplerParameteri (0x7fd843a4d2c0)
1479915032 - INFO: ORIG_GL: glGetError (0x7fd843a49840)
1479915032 - DEBUG: RAISED STOP
1479915032 - INFO: OPERATION: 22
STORE CALL: glSamplerParameteri(1, GL_TEXTURE_WRAP_R, 10497, )
1479915032 - DEBUG: RAISED STOP
1479915032 - INFO: OPERATION: 6
1479915032 - INFO: ORIG_GL: glSamplerParameteri (0x7fd843a4d2c0)
1479915032 - INFO: ORIG_GL: glGetError (0x7fd843a49840)
1479915032 - DEBUG: RAISED STOP
1479915032 - INFO: OPERATION: 22
STORE CALL: glSamplerParameteri(1, GL_TEXTURE_MIN_LOD, 0, )
1479915032 - DEBUG: RAISED STOP
1479915032 - INFO: OPERATION: 6
1479915032 - INFO: ORIG_GL: glSamplerParameteri (0x7fd843a4d2c0)
1479915032 - INFO: ORIG_GL: glGetError (0x7fd843a49840)
1479915032 - DEBUG: RAISED STOP
1479915032 - INFO: OPERATION: 22
STORE CALL: glSamplerParameteri(1, GL_TEXTURE_MAX_LOD, 100, )
1479915032 - DEBUG: RAISED STOP
1479915032 - INFO: OPERATION: 6
1479915032 - INFO: ORIG_GL: glSamplerParameteri (0x7fd843a4d2c0)
1479915032 - INFO: ORIG_GL: glGetError (0x7fd843a49840)
1479915032 - DEBUG: RAISED STOP
1479915032 - INFO: OPERATION: 22
STORE CALL: glGenBuffers(1, 0xcbf070, )
1479915032 - DEBUG: RAISED STOP
1479915032 - INFO: OPERATION: 6
1479915032 - INFO: ORIG_GL: glGenBuffers (0x7fd843a4b200)
1479915032 - INFO: ORIG_GL: glGetError (0x7fd843a49840)
1479915032 - DEBUG: RAISED STOP
1479915032 - INFO: OPERATION: 22
STORE CALL: glBindBuffer(GL_ARRAY_BUFFER, 1, )
1479915032 - DEBUG: RAISED STOP
1479915032 - INFO: OPERATION: 6
1479915032 - INFO: ORIG_GL: glBindBuffer (0x7fd843a4b140)
1479915032 - INFO: ORIG_GL: glGetError (0x7fd843a49840)
1479915032 - DEBUG: RAISED STOP
1479915032 - INFO: OPERATION: 22
STORE CALL: glBufferData(GL_ARRAY_BUFFER, 14124, (nil), GL_DYNAMIC_DRAW, )
1479915032 - DEBUG: RAISED STOP
1479915032 - INFO: OPERATION: 6
1479915032 - INFO: ORIG_GL: glBufferData (0x7fd843a4b160)
1479915032 - INFO: ORIG_GL: glGetError (0x7fd843a49840)
1479915032 - DEBUG: RAISED STOP
1479915032 - INFO: OPERATION: 22
STORE CALL: glBindBuffer(GL_ARRAY_BUFFER, 0, )
1479915032 - DEBUG: RAISED STOP
1479915032 - INFO: OPERATION: 6
1479915032 - INFO: ORIG_GL: glBindBuffer (0x7fd843a4b140)
1479915032 - INFO: ORIG_GL: glGetError (0x7fd843a49840)
1479915032 - DEBUG: RAISED STOP
1479915032 - INFO: OPERATION: 22
STORE CALL: glBindBuffer(GL_ARRAY_BUFFER, 1, )
1479915032 - DEBUG: RAISED STOP
1479915032 - INFO: OPERATION: 6
1479915032 - INFO: ORIG_GL: glBindBuffer (0x7fd843a4b140)
1479915032 - INFO: ORIG_GL: glGetError (0x7fd843a49840)
1479915032 - DEBUG: RAISED STOP
1479915032 - INFO: OPERATION: 22
STORE CALL: glBufferData(GL_ARRAY_BUFFER, 14124, 0xb06b60, GL_DYNAMIC_DRAW, )
1479915032 - DEBUG: RAISED STOP
1479915032 - INFO: OPERATION: 6
1479915032 - INFO: ORIG_GL: glBufferData (0x7fd843a4b160)
1479915032 - INFO: ORIG_GL: glGetError (0x7fd843a49840)
1479915032 - DEBUG: RAISED STOP
1479915032 - INFO: OPERATION: 22
STORE CALL: glGenBuffers(1, 0xcc2b70, )
1479915032 - DEBUG: RAISED STOP
1479915032 - INFO: OPERATION: 6
1479915032 - INFO: ORIG_GL: glGenBuffers (0x7fd843a4b200)
1479915032 - INFO: ORIG_GL: glGetError (0x7fd843a49840)
1479915032 - DEBUG: RAISED STOP
1479915032 - INFO: OPERATION: 22
STORE CALL: glBindBuffer(GL_ELEMENT_ARRAY_BUFFER, 2, )
1479915032 - DEBUG: RAISED STOP
1479915032 - INFO: OPERATION: 6
1479915032 - INFO: ORIG_GL: glBindBuffer (0x7fd843a4b140)
1479915032 - INFO: ORIG_GL: glGetError (0x7fd843a49840)
1479915032 - DEBUG: RAISED STOP
1479915032 - INFO: OPERATION: 22
STORE CALL: glBufferData(GL_ELEMENT_ARRAY_BUFFER, 13536, (nil), GL_DYNAMIC_DRAW, )
1479915032 - DEBUG: RAISED STOP
1479915033 - INFO: OPERATION: 6
1479915033 - INFO: ORIG_GL: glBufferData (0x7fd843a4b160)
1479915033 - INFO: ORIG_GL: glGetError (0x7fd843a49840)
1479915033 - DEBUG: RAISED STOP
1479915033 - INFO: OPERATION: 22
STORE CALL: glBindBuffer(GL_ELEMENT_ARRAY_BUFFER, 0, )
1479915033 - DEBUG: RAISED STOP
1479915033 - INFO: OPERATION: 6
1479915033 - INFO: ORIG_GL: glBindBuffer (0x7fd843a4b140)
1479915033 - INFO: ORIG_GL: glGetError (0x7fd843a49840)
1479915033 - DEBUG: RAISED STOP
1479915033 - INFO: OPERATION: 22
STORE CALL: glBindBuffer(GL_ELEMENT_ARRAY_BUFFER, 2, )
1479915033 - DEBUG: RAISED STOP
1479915033 - INFO: OPERATION: 6
1479915033 - INFO: ORIG_GL: glBindBuffer (0x7fd843a4b140)
1479915033 - INFO: ORIG_GL: glGetError (0x7fd843a49840)
1479915033 - DEBUG: RAISED STOP
1479915033 - INFO: OPERATION: 22
STORE CALL: glBufferData(GL_ELEMENT_ARRAY_BUFFER, 13536, 0xb0a2a0, GL_DYNAMIC_DRAW, )
1479915033 - DEBUG: RAISED STOP
1479915033 - INFO: OPERATION: 6
1479915033 - INFO: ORIG_GL: glBufferData (0x7fd843a4b160)
1479915033 - INFO: ORIG_GL: glGetError (0x7fd843a49840)
1479915033 - DEBUG: RAISED STOP
1479915033 - INFO: OPERATION: 22
STORE CALL: glCreateShader(GL_VERTEX_SHADER, )
1479915033 - DEBUG: RAISED STOP
1479915033 - INFO: OPERATION: 6
1479915033 - INFO: ORIG_GL: glCreateShader (0x7fd843a4b420)
1479915033 - INFO: ORIG_GL: glGetError (0x7fd843a49840)
1479915033 - DEBUG: RAISED STOP
1479915033 - INFO: OPERATION: 22
STORE CALL: glShaderSource(1, 1, 0x7fff33588cd8, (nil), )
1479915033 - DEBUG: RAISED STOP
1479915033 - INFO: OPERATION: 6
1479915033 - INFO: ORIG_GL: glShaderSource (0x7fd843a4b760)
1479915033 - INFO: ORIG_GL: glGetError (0x7fd843a49840)
1479915033 - DEBUG: RAISED STOP
1479915033 - INFO: OPERATION: 22
STORE CALL: glCompileShader(1, )
1479915033 - DEBUG: RAISED STOP
1479915033 - INFO: OPERATION: 6
1479915033 - INFO: ORIG_GL: glCompileShader (0x7fd843a4b3e0)
1479915033 - INFO: ORIG_GL: glGetError (0x7fd843a49840)
1479915033 - DEBUG: RAISED STOP
1479915033 - INFO: OPERATION: 22
STORE CALL: glGetShaderiv(1, GL_COMPILE_STATUS, 0x7fff33588ccc, )
1479915033 - DEBUG: RAISED STOP
1479915033 - INFO: OPERATION: 6
1479915033 - INFO: ORIG_GL: glGetShaderiv (0x7fd843a4b600)
1479915033 - INFO: ORIG_GL: glGetError (0x7fd843a49840)
1479915033 - DEBUG: RAISED STOP
1479915033 - INFO: OPERATION: 22
STORE CALL: glCreateShader(GL_FRAGMENT_SHADER, )
1479915033 - DEBUG: RAISED STOP
1479915033 - INFO: OPERATION: 6
1479915033 - INFO: ORIG_GL: glCreateShader (0x7fd843a4b420)
1479915033 - INFO: ORIG_GL: glGetError (0x7fd843a49840)
1479915033 - DEBUG: RAISED STOP
1479915033 - INFO: OPERATION: 22
STORE CALL: glShaderSource(2, 1, 0x7fff33588cd8, (nil), )
1479915033 - DEBUG: RAISED STOP
1479915033 - INFO: OPERATION: 6
1479915033 - INFO: ORIG_GL: glShaderSource (0x7fd843a4b760)
1479915033 - INFO: ORIG_GL: glGetError (0x7fd843a49840)
1479915033 - DEBUG: RAISED STOP
1479915033 - INFO: OPERATION: 22
STORE CALL: glCompileShader(2, )
1479915033 - DEBUG: RAISED STOP
1479915033 - INFO: OPERATION: 6
1479915033 - INFO: ORIG_GL: glCompileShader (0x7fd843a4b3e0)
1479915033 - INFO: ORIG_GL: glGetError (0x7fd843a49840)
1479915033 - DEBUG: RAISED STOP
1479915033 - INFO: OPERATION: 22
STORE CALL: glGetShaderiv(2, GL_COMPILE_STATUS, 0x7fff33588ccc, )
1479915033 - DEBUG: RAISED STOP
1479915033 - INFO: OPERATION: 6
1479915033 - INFO: ORIG_GL: glGetShaderiv (0x7fd843a4b600)
1479915033 - INFO: ORIG_GL: glGetError (0x7fd843a49840)
1479915033 - DEBUG: RAISED STOP
1479915033 - INFO: OPERATION: 22
STORE CALL: glGetError()
1479915033 - DEBUG: RAISED STOP
1479915033 - INFO: OPERATION: 6
1479915033 - INFO: ORIG_GL: glGetError (0x7fd843a49840)
1479915033 - INFO: ORIG_GL: glGetError (0x7fd843a49840)
1479915033 - DEBUG: RAISED STOP
1479915033 - INFO: OPERATION: 22
STORE CALL: glCreateProgram()
1479915033 - DEBUG: RAISED STOP
1479915033 - INFO: OPERATION: 6
1479915033 - INFO: ORIG_GL: glCreateProgram (0x7fd843a4b400)
1479915033 - INFO: ORIG_GL: glGetError (0x7fd843a49840)
1479915033 - DEBUG: RAISED STOP
1479915033 - INFO: OPERATION: 22
STORE CALL: glGetError()
1479915033 - DEBUG: RAISED STOP
1479915033 - INFO: OPERATION: 6
1479915033 - INFO: ORIG_GL: glGetError (0x7fd843a49840)
1479915033 - INFO: ORIG_GL: glGetError (0x7fd843a49840)
1479915033 - DEBUG: RAISED STOP
1479915033 - INFO: OPERATION: 22
STORE CALL: glAttachShader(3, 1, )
1479915033 - DEBUG: RAISED STOP
1479915033 - INFO: OPERATION: 6
1479915033 - INFO: ORIG_GL: glAttachShader (0x7fd843a4b380)
1479915033 - INFO: ORIG_GL: glGetError (0x7fd843a49840)
1479915033 - DEBUG: RAISED STOP
1479915033 - INFO: OPERATION: 22
STORE CALL: glGetError()
1479915033 - DEBUG: RAISED STOP
1479915033 - INFO: OPERATION: 6
1479915033 - INFO: ORIG_GL: glGetError (0x7fd843a49840)
1479915033 - INFO: ORIG_GL: glGetError (0x7fd843a49840)
1479915033 - DEBUG: RAISED STOP
1479915033 - INFO: OPERATION: 22
STORE CALL: glGetError()
1479915033 - DEBUG: RAISED STOP
1479915033 - INFO: OPERATION: 6
1479915033 - INFO: ORIG_GL: glGetError (0x7fd843a49840)
1479915033 - INFO: ORIG_GL: glGetError (0x7fd843a49840)
1479915033 - DEBUG: RAISED STOP
1479915033 - INFO: OPERATION: 22
STORE CALL: glAttachShader(3, 2, )
1479915033 - DEBUG: RAISED STOP
1479915033 - INFO: OPERATION: 6
1479915033 - INFO: ORIG_GL: glAttachShader (0x7fd843a4b380)
1479915033 - INFO: ORIG_GL: glGetError (0x7fd843a49840)
1479915033 - DEBUG: RAISED STOP
1479915033 - INFO: OPERATION: 22
STORE CALL: glGetError()
1479915033 - DEBUG: RAISED STOP
1479915033 - INFO: OPERATION: 6
1479915033 - INFO: ORIG_GL: glGetError (0x7fd843a49840)
1479915033 - INFO: ORIG_GL: glGetError (0x7fd843a49840)
1479915033 - DEBUG: RAISED STOP
1479915033 - INFO: OPERATION: 22
STORE CALL: glBindAttribLocation(3, 0, 0xccba10, )
1479915033 - DEBUG: RAISED STOP
1479915033 - INFO: OPERATION: 6
1479915033 - INFO: ORIG_GL: glBindAttribLocation (0x7fd843a4b3a0)
1479915033 - INFO: ORIG_GL: glGetError (0x7fd843a49840)
1479915033 - DEBUG: RAISED STOP
1479915033 - INFO: OPERATION: 22
STORE CALL: glGetError()
1479915033 - DEBUG: RAISED STOP
1479915033 - INFO: OPERATION: 6
1479915033 - INFO: ORIG_GL: glGetError (0x7fd843a49840)
1479915033 - INFO: ORIG_GL: glGetError (0x7fd843a49840)
1479915033 - DEBUG: RAISED STOP
1479915033 - INFO: OPERATION: 22
STORE CALL: glLinkProgram(3, )
1479915033 - DEBUG: RAISED STOP
1479915061 - INFO: OPERATION: 6
1479915061 - INFO: ORIG_GL: glLinkProgram (0x7fd843a4b740)
1479915061 - INFO: ORIG_GL: glGetError (0x7fd843a49840)
1479915061 - DEBUG: RAISED STOP
1479915061 - INFO: OPERATION: 15
1479915061 - DEBUG: Creating extension hashes
1479915061 - INFO: ORIG_GL: glGetIntegerv (0x7fd843a49880)
1479915061 - INFO: Extensions found 63
1479915061 - INFO: ORIG_GL: glGetStringi (0x7fd843a4c120)
1479915061 - INFO: ORIG_GL: glGetStringi (0x7fd843a4c120)
1479915061 - INFO: ORIG_GL: glGetStringi (0x7fd843a4c120)
1479915061 - INFO: ORIG_GL: glGetStringi (0x7fd843a4c120)
1479915061 - INFO: ORIG_GL: glGetStringi (0x7fd843a4c120)
1479915061 - INFO: ORIG_GL: glGetStringi (0x7fd843a4c120)
1479915061 - INFO: ORIG_GL: glGetStringi (0x7fd843a4c120)
1479915061 - INFO: ORIG_GL: glGetStringi (0x7fd843a4c120)
1479915061 - INFO: ORIG_GL: glGetStringi (0x7fd843a4c120)
1479915061 - INFO: ORIG_GL: glGetStringi (0x7fd843a4c120)
1479915061 - INFO: ORIG_GL: glGetStringi (0x7fd843a4c120)
1479915061 - INFO: ORIG_GL: glGetStringi (0x7fd843a4c120)
1479915061 - INFO: ORIG_GL: glGetStringi (0x7fd843a4c120)
1479915061 - INFO: ORIG_GL: glGetStringi (0x7fd843a4c120)
1479915061 - INFO: ORIG_GL: glGetStringi (0x7fd843a4c120)
1479915061 - INFO: ORIG_GL: glGetStringi (0x7fd843a4c120)
1479915061 - INFO: ORIG_GL: glGetStringi (0x7fd843a4c120)
1479915061 - INFO: ORIG_GL: glGetStringi (0x7fd843a4c120)
1479915061 - INFO: ORIG_GL: glGetStringi (0x7fd843a4c120)
1479915061 - INFO: ORIG_GL: glGetStringi (0x7fd843a4c120)
1479915061 - INFO: ORIG_GL: glGetStringi (0x7fd843a4c120)
1479915061 - INFO: ORIG_GL: glGetStringi (0x7fd843a4c120)
1479915061 - INFO: ORIG_GL: glGetStringi (0x7fd843a4c120)
1479915061 - INFO: ORIG_GL: glGetStringi (0x7fd843a4c120)
1479915061 - INFO: ORIG_GL: glGetStringi (0x7fd843a4c120)
1479915061 - INFO: ORIG_GL: glGetStringi (0x7fd843a4c120)
1479915061 - INFO: ORIG_GL: glGetStringi (0x7fd843a4c120)
1479915061 - INFO: ORIG_GL: glGetStringi (0x7fd843a4c120)
1479915061 - INFO: ORIG_GL: glGetStringi (0x7fd843a4c120)
1479915061 - INFO: ORIG_GL: glGetStringi (0x7fd843a4c120)
1479915061 - INFO: ORIG_GL: glGetStringi (0x7fd843a4c120)
1479915061 - INFO: ORIG_GL: glGetStringi (0x7fd843a4c120)
1479915061 - INFO: ORIG_GL: glGetStringi (0x7fd843a4c120)
1479915061 - INFO: ORIG_GL: glGetStringi (0x7fd843a4c120)
1479915061 - INFO: ORIG_GL: glGetStringi (0x7fd843a4c120)
1479915061 - INFO: ORIG_GL: glGetStringi (0x7fd843a4c120)
1479915061 - INFO: ORIG_GL: glGetStringi (0x7fd843a4c120)
1479915061 - INFO: ORIG_GL: glGetStringi (0x7fd843a4c120)
1479915061 - INFO: ORIG_GL: glGetStringi (0x7fd843a4c120)
1479915061 - INFO: ORIG_GL: glGetStringi (0x7fd843a4c120)
1479915061 - INFO: ORIG_GL: glGetStringi (0x7fd843a4c120)
1479915061 - INFO: ORIG_GL: glGetStringi (0x7fd843a4c120)
1479915061 - INFO: ORIG_GL: glGetStringi (0x7fd843a4c120)
1479915061 - INFO: ORIG_GL: glGetStringi (0x7fd843a4c120)
1479915061 - INFO: ORIG_GL: glGetStringi (0x7fd843a4c120)
1479915061 - INFO: ORIG_GL: glGetStringi (0x7fd843a4c120)
1479915061 - INFO: ORIG_GL: glGetStringi (0x7fd843a4c120)
1479915061 - INFO: ORIG_GL: glGetStringi (0x7fd843a4c120)
1479915061 - INFO: ORIG_GL: glGetStringi (0x7fd843a4c120)
1479915061 - INFO: ORIG_GL: glGetStringi (0x7fd843a4c120)
1479915061 - INFO: ORIG_GL: glGetStringi (0x7fd843a4c120)
1479915061 - INFO: ORIG_GL: glGetStringi (0x7fd843a4c120)
1479915061 - INFO: ORIG_GL: glGetStringi (0x7fd843a4c120)
1479915061 - INFO: ORIG_GL: glGetStringi (0x7fd843a4c120)
1479915061 - INFO: ORIG_GL: glGetStringi (0x7fd843a4c120)
1479915061 - INFO: ORIG_GL: glGetStringi (0x7fd843a4c120)
1479915061 - INFO: ORIG_GL: glGetStringi (0x7fd843a4c120)
1479915061 - INFO: ORIG_GL: glGetStringi (0x7fd843a4c120)
1479915061 - INFO: ORIG_GL: glGetStringi (0x7fd843a4c120)
1479915061 - INFO: ORIG_GL: glGetStringi (0x7fd843a4c120)
1479915061 - INFO: ORIG_GL: glGetStringi (0x7fd843a4c120)
1479915061 - INFO: ORIG_GL: glGetStringi (0x7fd843a4c120)
1479915061 - INFO: ORIG_GL: glGetStringi (0x7fd843a4c120)
1479915061 - INFO: not found: GL_EXT_geometry_shader4
1479915061 - INFO: ORIG_GL: glGetIntegerv (0x7fd843a49880)
1479915061 - INFO: ORIG_GL: glGetError (0x7fd843a49840)
1479915061 - DEBUG: RAISED STOP
1479915061 - INFO: OPERATION: 22
STORE CALL: glGetError()
1479915061 - DEBUG: RAISED STOP
1479915061 - INFO: OPERATION: 6
1479915061 - INFO: ORIG_GL: glGetError (0x7fd843a49840)
1479915061 - INFO: ORIG_GL: glGetError (0x7fd843a49840)
1479915061 - DEBUG: RAISED STOP
1479915061 - INFO: OPERATION: 22
STORE CALL: glGetProgramiv(3, GL_LINK_STATUS, 0x7fff33588bc4, )
1479915061 - DEBUG: RAISED STOP
1479915061 - INFO: OPERATION: 6
1479915061 - INFO: ORIG_GL: glGetProgramiv (0x7fd843a4b5a0)
1479915061 - INFO: ORIG_GL: glGetError (0x7fd843a49840)
1479915061 - DEBUG: RAISED STOP
1479915061 - INFO: OPERATION: 22
STORE CALL: glGetError()
1479915061 - DEBUG: RAISED STOP
1479915061 - INFO: OPERATION: 6
1479915061 - INFO: ORIG_GL: glGetError (0x7fd843a49840)
1479915061 - INFO: ORIG_GL: glGetError (0x7fd843a49840)
1479915061 - DEBUG: RAISED STOP
1479915061 - INFO: OPERATION: 22
STORE CALL: glUseProgram(3, )
1479915061 - DEBUG: RAISED STOP
1479915061 - INFO: OPERATION: 6
1479915061 - INFO: ORIG_GL: glUseProgram (0x7fd843a4ba40)
1479915061 - INFO: ORIG_GL: glGetError (0x7fd843a49840)
1479915061 - DEBUG: RAISED STOP
1479915061 - INFO: OPERATION: 15
1479915061 - INFO: not found: GL_EXT_geometry_shader4
1479915061 - INFO: ORIG_GL: glGetIntegerv (0x7fd843a49880)
1479915061 - INFO: ORIG_GL: glGetError (0x7fd843a49840)
1479915061 - INFO: ORIG_GL: glGetProgramiv (0x7fd843a4b5a0)
1479915061 - INFO: ORIG_GL: glGetError (0x7fd843a49840)
1479915061 - INFO: ORIG_GL: glGetAttachedShaders (0x7fd843a4b540)
1479915061 - INFO: ORIG_GL: glGetError (0x7fd843a49840)
1479915061 - INFO: ORIG_GL: glGetShaderiv (0x7fd843a4b600)
1479915061 - INFO: ORIG_GL: glGetShaderiv (0x7fd843a4b600)
1479915061 - INFO: ORIG_GL: glGetError (0x7fd843a49840)
1479915061 - INFO: ORIG_GL: glGetShaderSource (0x7fd843a4b5e0)
1479915061 - INFO: ORIG_GL: glGetError (0x7fd843a49840)
1479915061 - INFO: ORIG_GL: glGetShaderiv (0x7fd843a4b600)
1479915061 - INFO: ORIG_GL: glGetShaderiv (0x7fd843a4b600)
1479915061 - INFO: ORIG_GL: glGetError (0x7fd843a49840)
1479915061 - INFO: ORIG_GL: glGetShaderSource (0x7fd843a4b5e0)
1479915061 - INFO: ORIG_GL: glGetError (0x7fd843a49840)
1479915061 - INFO: ORIG_GL: glGetProgramiv (0x7fd843a4b5a0)
1479915061 - INFO: ORIG_GL: glGetProgramiv (0x7fd843a4b5a0)
1479915061 - INFO: ORIG_GL: glGetError (0x7fd843a49840)
1479915061 - INFO: ACTIVE UNIFORMS: 1
1479915061 - INFO: ORIG_GL: glGetActiveUniform (0x7fd843a4b520)
1479915061 - INFO: ORIG_GL: glGetError (0x7fd843a49840)
1479915061 - INFO: FOUND UNIFORM: mvp size=1 type=GL_FLOAT_MAT4
1479915061 - INFO: ORIG_GL: glGetUniformLocation (0x7fd843a4b620)
1479915061 - INFO: ORIG_GL: glGetError (0x7fd843a49840)
1479915061 - INFO: SAVE UNIFORM: mvp size=1 type=GL_FLOAT_MAT4 location=0
1479915061 - INFO: ORIG_GL: glGetUniformfv (0x7fd843a4b640)
1479915061 - INFO: ORIG_GL: glGetError (0x7fd843a49840)
1479915061 - INFO: ORIG_GL: glGetProgramiv (0x7fd843a4b5a0)
1479915061 - INFO: ORIG_GL: glGetProgramiv (0x7fd843a4b5a0)
1479915061 - INFO: ORIG_GL: glGetError (0x7fd843a49840)
1479915061 - INFO: ACTIVE ATTRIBS: 1
1479915061 - INFO: ORIG_GL: glGetActiveAttrib (0x7fd843a4b500)
1479915061 - INFO: ORIG_GL: glGetError (0x7fd843a49840)
1479915061 - INFO: ORIG_GL: glGetAttribLocation (0x7fd843a4b560)
1479915061 - INFO: ORIG_GL: glGetError (0x7fd843a49840)
1479915061 - INFO: SAVED ATTRIB: inPositions size=1 type=GL_FLOAT_VEC4, location=0
1479915061 - INFO: source[0][0] = #version 300 es



layout (location=0) in highp vec4 inPositions;

out highp vec2 texCoords;

uniform mat4 mvp;

void main()
{
	gl_Position =  mvp * inPositions;
}

1479915061 - INFO: source[2][0] = #version 300 es



out mediump vec4 fragmentColor;

void main()
{
	fragmentColor = vec4(1.0, 1.0, 1.0, 1.0);	
}

1479915061 - INFO: ORIG_GL: glGetIntegerv (0x7fd843a49880)
1479915061 - INFO: ORIG_GL: glGetIntegerv (0x7fd843a49880)
1479915061 - INFO: ORIG_GL: glGetIntegerv (0x7fd843a49880)
1479915061 - INFO: ORIG_GL: glGetIntegerv (0x7fd843a49880)
1479915061 - INFO: ORIG_GL: glGetIntegerv (0x7fd843a49880)
1479915061 - INFO: ORIG_GL: glGetIntegerv (0x7fd843a49880)
1479915061 - INFO: ORIG_GL: glGetIntegerv (0x7fd843a49880)
1479915061 - INFO: ORIG_GL: glGetIntegerv (0x7fd843a49880)
1479915061 - INFO: ORIG_GL: glGetIntegerv (0x7fd843a49880)
1479915061 - INFO: ORIG_GL: glGetIntegerv (0x7fd843a49880)
1479915061 - INFO: ORIG_GL: glGetIntegerv (0x7fd843a49880)
1479915061 - INFO: ORIG_GL: glGetIntegerv (0x7fd843a49880)
1479915061 - INFO: not found: GL_EXT_framebuffer_object
1479915061 - INFO: not found: GL_EXT_geometry_shader4
1479915061 - INFO: not found: GL_NV_transform_feedback
1479915061 - INFO: not found: GL_EXT_transform_feedback
1479915061 - INFO: ORIG_GL: glGetError (0x7fd843a49840)
1479915061 - DEBUG: RAISED STOP
1479915061 - INFO: OPERATION: 22
STORE CALL: glEnable(GL_DEPTH_TEST, )
1479915061 - DEBUG: RAISED STOP
1479915064 - INFO: OPERATION: 6
1479915064 - INFO: ORIG_GL: glEnable (0x7fd843a49280)
1479915064 - INFO: ORIG_GL: glGetError (0x7fd843a49840)
1479915064 - DEBUG: RAISED STOP
1479915064 - INFO: OPERATION: 22
STORE CALL: glEnable(GL_CULL_FACE, )
1479915064 - DEBUG: RAISED STOP
1479915064 - INFO: OPERATION: 6
1479915064 - INFO: ORIG_GL: glEnable (0x7fd843a49280)
1479915064 - INFO: ORIG_GL: glGetError (0x7fd843a49840)
1479915064 - DEBUG: RAISED STOP
1479915064 - INFO: OPERATION: 22
STORE CALL: glCullFace(GL_BACK, )
1479915064 - DEBUG: RAISED STOP
1479915065 - INFO: OPERATION: 6
1479915065 - INFO: ORIG_GL: glCullFace (0x7fd843a48aa0)
1479915065 - INFO: ORIG_GL: glGetError (0x7fd843a49840)
1479915065 - DEBUG: RAISED STOP
1479915065 - INFO: OPERATION: 22
STORE CALL: glStencilFuncSeparate(GL_FRONT, GL_LESS, 0, 255, )
1479915065 - DEBUG: RAISED STOP
1479915065 - INFO: OPERATION: 6
1479915065 - INFO: ORIG_GL: glStencilFuncSeparate (0x7fd843a4b780)
1479915065 - INFO: ORIG_GL: glGetError (0x7fd843a49840)
1479915065 - DEBUG: RAISED STOP
1479915065 - INFO: OPERATION: 22
STORE CALL: glStencilFuncSeparate(GL_BACK, GL_LESS, 0, 255, )
1479915065 - DEBUG: RAISED STOP
1479915065 - INFO: OPERATION: 6
1479915065 - INFO: ORIG_GL: glStencilFuncSeparate (0x7fd843a4b780)
1479915065 - INFO: ORIG_GL: glGetError (0x7fd843a49840)
1479915065 - DEBUG: RAISED STOP
1479915065 - INFO: OPERATION: 22
STORE CALL: glGenSamplers(1, 0xfaceb8, )
1479915065 - DEBUG: RAISED STOP
1479915065 - INFO: OPERATION: 6
1479915065 - INFO: ORIG_GL: glGenSamplers (0x7fd843a4d180)
1479915065 - INFO: ORIG_GL: glGetError (0x7fd843a49840)
1479915065 - DEBUG: RAISED STOP
1479915065 - INFO: OPERATION: 22
STORE CALL: glSamplerParameteri(2, GL_TEXTURE_MIN_FILTER, 9987, )
1479915065 - DEBUG: RAISED STOP
1479915065 - INFO: OPERATION: 6
1479915065 - INFO: ORIG_GL: glSamplerParameteri (0x7fd843a4d2c0)
1479915065 - INFO: ORIG_GL: glGetError (0x7fd843a49840)
1479915065 - DEBUG: RAISED STOP
1479915065 - INFO: OPERATION: 22
STORE CALL: glSamplerParameteri(2, GL_TEXTURE_MAG_FILTER, 9729, )
1479915065 - DEBUG: RAISED STOP
1479915066 - INFO: OPERATION: 6
1479915066 - INFO: ORIG_GL: glSamplerParameteri (0x7fd843a4d2c0)
1479915066 - INFO: ORIG_GL: glGetError (0x7fd843a49840)
1479915066 - DEBUG: RAISED STOP
1479915066 - INFO: OPERATION: 22
STORE CALL: glSamplerParameteri(2, GL_TEXTURE_COMPARE_MODE, 0, )
1479915066 - DEBUG: RAISED STOP
1479915066 - INFO: OPERATION: 6
1479915066 - INFO: ORIG_GL: glSamplerParameteri (0x7fd843a4d2c0)
1479915066 - INFO: ORIG_GL: glGetError (0x7fd843a49840)
1479915066 - DEBUG: RAISED STOP
1479915066 - INFO: OPERATION: 22
STORE CALL: glSamplerParameteri(2, GL_TEXTURE_WRAP_S, 10497, )
1479915066 - DEBUG: RAISED STOP
